slurmstepd: error: *** JOB 912625 ON chimera-node56 CANCELLED AT 2018-12-08T13:56:30 ***
Error: software termination
   rax 0000000000002e63, rbx 00002b5c4be615c8, rcx 0000000000033700
   rdx 00000000000066e8, rsp 00007ffea424aef0, rbp 00007ffea424af60
   rsi 00002b5c4bcdbd20, rdi 00002b5c4be615c8, r8  00002b5c4bcdbd20
   r9  0000000000009552, r10 0000000000000114, r11 0000000000000114
   r12 00002b5c4bcdad98, r13 00002b5c4bcdbd20, r14 0000000000000006
   r15 00002b5c4beac058
Error: software termination
   rax fffffffffffffffc, rbx 00007ffd31420090, rcx ffffffffffffffff
   rdx 0000000000000000, rsp 00007ffd31420058, rbp 0000000000000001
   rsi 00007ffd31420090, rdi 0000000000003d38, r8  00002b4012d9d700
   r9  0000000000000000, r10 0000000000000000, r11 0000000000000246
   r12 00007ffd314200b0, r13 0000000000000077, r14 0000000000000000
   r15 00007ffd31426a70
  /usr/lib/gcc/x86_64-redhat-linux/4.8.5/../../../../lib64/libpthread.so.0(+0xf370) [0x2b5c4afec370]
  /data/szalewicgrp/connornm/opt/Gaussian/g09-M05-par/g09/l502.exe() [0x488968]
  /data/szalewicgrp/connornm/opt/Gaussian/g09-M05-par/g09/l502.exe() [0x7de8a5]
  /data/szalewicgrp/connornm/opt/Gaussian/g09-M05-par/g09/l502.exe() [0x5273cf]
  /data/szalewicgrp/connornm/opt/Gaussian/g09-M05-par/g09/l502.exe() [0x41b05a]
  /data/szalewicgrp/connornm/opt/Gaussian/g09-M05-par/g09/l502.exe() [0x40f2e4]
  /data/szalewicgrp/connornm/opt/Gaussian/g09-M05-par/g09/l502.exe() [0x403830]
  /data/szalewicgrp/connornm/opt/Gaussian/g09-M05-par/g09/l502.exe() [0x40376b]
  /usr/lib/gcc/x86_64-redhat-linux/4.8.5/../../../../lib64/libc.so.6(__libc_start_main+0xf5) [0x2b5c4b51cb35]
  /data/szalewicgrp/connornm/opt/Gaussian/g09-M05-par/g09/l502.exe() [0x403669]
  /usr/lib/gcc/x86_64-redhat-linux/4.8.5/../../../../lib64/libpthread.so.0(+0xf370) [0x2b40124d2370]
  /usr/lib/gcc/x86_64-redhat-linux/4.8.5/../../../../lib64/libc.so.6(waitpid+0x1c) [0x2b4012a9f27c]
  /usr/lib/gcc/x86_64-redhat-linux/4.8.5/../../../../lib64/libc.so.6(+0x41c72) [0x2b4012a22c72]
  /data/szalewicgrp/connornm/opt/Gaussian/g09-M05-par/g09/g09() [0x40564a]
  /data/szalewicgrp/connornm/opt/Gaussian/g09-M05-par/g09/g09() [0x404a4a]
  /data/szalewicgrp/connornm/opt/Gaussian/g09-M05-par/g09/g09() [0x40370b]
  /usr/lib/gcc/x86_64-redhat-linux/4.8.5/../../../../lib64/libc.so.6(__libc_start_main+0xf5) [0x2b4012a02b35]
  /data/szalewicgrp/connornm/opt/Gaussian/g09-M05-par/g09/g09() [0x403609]
