slurmstepd: error: *** JOB 912626 ON chimera-node14 CANCELLED AT 2018-12-08T13:56:30 ***
Error: software termination
   rax 0000000000008785, rbx 0000000000000001, rcx 000000000001a5c8
   rdx 00000000000034c1, rsp 00007ffee73dc130, rbp 00007ffee73dc1a0
   rsi 00002b4db0a01228, rdi 00002b4db8c08278, r8  00002b4db0a01228
   r9  000000000000bc4d, r10 0000000000ff4438, r11 00000000005887dc
   r12 0000000000000004, r13 0000000000000001, r14 0000000000000000
   r15 0000000000000010
Error: software termination
   rax fffffffffffffffc, rbx 00007ffe76e245a0, rcx ffffffffffffffff
   rdx 0000000000000000, rsp 00007ffe76e24568, rbp 0000000000000001
   rsi 00007ffe76e245a0, rdi 0000000000004419, r8  00002ad1fa6cd700
   r9  0000000000000000, r10 0000000000000000, r11 0000000000000246
   r12 00007ffe76e245c0, r13 0000000000000077, r14 0000000000000000
   r15 00007ffe76e2af80
  /usr/lib/gcc/x86_64-redhat-linux/4.8.5/../../../../lib64/libpthread.so.0(+0xf370) [0x2b4dafc54370]
  /data/szalewicgrp/connornm/opt/Gaussian/g09-M05-par/g09/l502.exe() [0x487122]
  /data/szalewicgrp/connornm/opt/Gaussian/g09-M05-par/g09/l502.exe() [0x588de4]
  /data/szalewicgrp/connornm/opt/Gaussian/g09-M05-par/g09/l502.exe() [0x6ba957]
  /data/szalewicgrp/connornm/opt/Gaussian/g09-M05-par/g09/l502.exe() [0x4ce77c]
  /data/szalewicgrp/connornm/opt/Gaussian/g09-M05-par/g09/l502.exe() [0x4d4929]
  /data/szalewicgrp/connornm/opt/Gaussian/g09-M05-par/g09/l502.exe() [0x4bd4d6]
  /data/szalewicgrp/connornm/opt/Gaussian/g09-M05-par/g09/l502.exe() [0x52788f]
  /data/szalewicgrp/connornm/opt/Gaussian/g09-M05-par/g09/l502.exe() [0x41b05a]
  /data/szalewicgrp/connornm/opt/Gaussian/g09-M05-par/g09/l502.exe() [0x40f2e4]
  /data/szalewicgrp/connornm/opt/Gaussian/g09-M05-par/g09/l502.exe() [0x403830]
  /data/szalewicgrp/connornm/opt/Gaussian/g09-M05-par/g09/l502.exe() [0x40376b]
  /usr/lib/gcc/x86_64-redhat-linux/4.8.5/../../../../lib64/libpthread.so.0(+0xf370) [0x2ad1f9e02370]
  /usr/lib/gcc/x86_64-redhat-linux/4.8.5/../../../../lib64/libc.so.6(__libc_start_main+0xf5) [0x2b4db0184b35]
  /data/szalewicgrp/connornm/opt/Gaussian/g09-M05-par/g09/l502.exe() [0x403669]
  /usr/lib/gcc/x86_64-redhat-linux/4.8.5/../../../../lib64/libc.so.6(waitpid+0x1c) [0x2ad1fa3cf27c]
  /usr/lib/gcc/x86_64-redhat-linux/4.8.5/../../../../lib64/libc.so.6(+0x41c72) [0x2ad1fa352c72]
  /data/szalewicgrp/connornm/opt/Gaussian/g09-M05-par/g09/g09() [0x40564a]
  /data/szalewicgrp/connornm/opt/Gaussian/g09-M05-par/g09/g09() [0x404a4a]
  /data/szalewicgrp/connornm/opt/Gaussian/g09-M05-par/g09/g09() [0x40370b]
  /usr/lib/gcc/x86_64-redhat-linux/4.8.5/../../../../lib64/libc.so.6(__libc_start_main+0xf5) [0x2ad1fa332b35]
  /data/szalewicgrp/connornm/opt/Gaussian/g09-M05-par/g09/g09() [0x403609]
