slurmstepd: error: *** JOB 912628 ON chimera-node48 CANCELLED AT 2018-12-08T13:56:30 ***
Error: software termination
Error: software termination
   rax 000000005666e960, rbx 0000000000000140, rcx 000000005665c8a0
   rdx 0000000000000640, rsp 00007ffd24c6c3b8, rbp 00000000000003c0
   rsi 00002b7e41b522d8, rdi 00000000000008c0, r8  0000000000000140
   r9  0000000000000606, r10 0000000056661960, r11 0000000000000020
   r12 0000000000000021, r13 0000000000003200, r14 0000000000002ef0
   r15 0000000056673ba0
   rax fffffffffffffffc, rbx 00007ffc2d0d2cf0, rcx ffffffffffffffff
   rdx 0000000000000000, rsp 00007ffc2d0d2cb8, rbp 0000000000000001
   rsi 00007ffc2d0d2cf0, rdi 0000000000006276, r8  00002b8aee1a7700
   r9  0000000000000000, r10 0000000000000000, r11 0000000000000246
   r12 00007ffc2d0d2d10, r13 0000000000000077, r14 0000000000000000
   r15 00007ffc2d0d96d0
  /usr/lib/gcc/x86_64-redhat-linux/4.8.5/../../../../lib64/libpthread.so.0(+0xf370) [0x2b7e401f4370]
  /data/szalewicgrp/connornm/opt/Gaussian/g09-M05-par/g09/l502.exe() [0x10e0495]
  /usr/lib/gcc/x86_64-redhat-linux/4.8.5/../../../../lib64/libpthread.so.0(+0xf370) [0x2b8aed8dc370]
  /usr/lib/gcc/x86_64-redhat-linux/4.8.5/../../../../lib64/libc.so.6(waitpid+0x1c) [0x2b8aedea927c]
  /usr/lib/gcc/x86_64-redhat-linux/4.8.5/../../../../lib64/libc.so.6(+0x41c72) [0x2b8aede2cc72]
  /data/szalewicgrp/connornm/opt/Gaussian/g09-M05-par/g09/g09() [0x40564a]
  /data/szalewicgrp/connornm/opt/Gaussian/g09-M05-par/g09/g09() [0x404a4a]
  /data/szalewicgrp/connornm/opt/Gaussian/g09-M05-par/g09/g09() [0x40370b]
  /usr/lib/gcc/x86_64-redhat-linux/4.8.5/../../../../lib64/libc.so.6(__libc_start_main+0xf5) [0x2b8aede0cb35]
  /data/szalewicgrp/connornm/opt/Gaussian/g09-M05-par/g09/g09() [0x403609]
