slurmstepd: error: *** JOB 904912 ON chimera-node60 CANCELLED AT 2018-12-06T22:09:57 ***
Error: software termination
   rax 0000000000000002, rbx 0000000000000008, rcx 0000000000000013
   rdx 00002b102df094a8, rsp 00007ffcf966ab10, rbp 00007ffcf966ac90
   rsi 00002b102df178a0, rdi 0000000000000053, r8  00002b102df17970
   r9  00002b102df17968, r10 00002b102df17960, r11 0000000000000000
   r12 00002b102df094d8, r13 000000000000000d, r14 0000000000000007
   r15 00002b102df094a0
Error: software termination
   rax fffffffffffffffc, rbx 00007fffeb890e60, rcx ffffffffffffffff
   rdx 0000000000000000, rsp 00007fffeb890e28, rbp 0000000000000001
   rsi 00007fffeb890e60, rdi 0000000000007965, r8  00002ba3284b0700
   r9  0000000000000000, r10 0000000000000000, r11 0000000000000246
   r12 00007fffeb890e80, r13 0000000000000077, r14 0000000000000000
   r15 00007fffeb897840
  /usr/lib/gcc/x86_64-redhat-linux/4.8.5/../../../../lib64/libpthread.so.0(+0xf370) [0x2b102ce6f370]
  /data/szalewicgrp/connornm/opt/Gaussian/g09-M05-par/g09/l502.exe() [0x8a7ae8]
  /data/szalewicgrp/connornm/opt/Gaussian/g09-M05-par/g09/l502.exe() [0x5e18d2]
  /data/szalewicgrp/connornm/opt/Gaussian/g09-M05-par/g09/l502.exe() [0x5a0330]
  /usr/lib/gcc/x86_64-redhat-linux/4.8.5/../../../../lib64/libpthread.so.0(+0xf370) [0x2ba327be5370]
  /data/szalewicgrp/connornm/opt/Gaussian/g09-M05-par/g09/l502.exe() [0x95f28f]
  /data/szalewicgrp/connornm/opt/Gaussian/g09-M05-par/g09/l502.exe() [0x692692]
  /data/szalewicgrp/connornm/opt/Gaussian/g09-M05-par/g09/l502.exe() [0x4d2026]
  /data/szalewicgrp/connornm/opt/Gaussian/g09-M05-par/g09/l502.exe() [0x5288c7]
  /data/szalewicgrp/connornm/opt/Gaussian/g09-M05-par/g09/l502.exe() [0x41b05a]
  /data/szalewicgrp/connornm/opt/Gaussian/g09-M05-par/g09/l502.exe() [0x40f2e4]
  /data/szalewicgrp/connornm/opt/Gaussian/g09-M05-par/g09/l502.exe() [0x403830]
  /data/szalewicgrp/connornm/opt/Gaussian/g09-M05-par/g09/l502.exe() [0x40376b]
  /usr/lib/gcc/x86_64-redhat-linux/4.8.5/../../../../lib64/libc.so.6(__libc_start_main+0xf5) [0x2b102d39fb35]
  /usr/lib/gcc/x86_64-redhat-linux/4.8.5/../../../../lib64/libc.so.6(waitpid+0x1c) [0x2ba3281b227c]
  /data/szalewicgrp/connornm/opt/Gaussian/g09-M05-par/g09/l502.exe() [0x403669]
  /usr/lib/gcc/x86_64-redhat-linux/4.8.5/../../../../lib64/libc.so.6(+0x41c72) [0x2ba328135c72]
  /data/szalewicgrp/connornm/opt/Gaussian/g09-M05-par/g09/g09() [0x40564a]
  /data/szalewicgrp/connornm/opt/Gaussian/g09-M05-par/g09/g09() [0x404a4a]
  /data/szalewicgrp/connornm/opt/Gaussian/g09-M05-par/g09/g09() [0x40370b]
  /usr/lib/gcc/x86_64-redhat-linux/4.8.5/../../../../lib64/libc.so.6(__libc_start_main+0xf5) [0x2ba328115b35]
  /data/szalewicgrp/connornm/opt/Gaussian/g09-M05-par/g09/g09() [0x403609]
