slurmstepd: error: *** JOB 913127 ON chimera-node15 CANCELLED AT 2018-12-08T15:21:18 ***
Error: software termination
   rax bfdd150ed1e2286d, rbx 000000000000006a, rcx 0000000000000010
   rdx 0000000000000001, rsp 00007ffe35b936f8, rbp 00007ffe35b93730
   rsi 00002aeb75f0fc90, rdi 00002aeb75f13458, r8  bfcb15028e5cb828
   r9  bfa371df75891968, r10 fffffffffffffff8, r11 3f726a1ce97acb9f
Error: software termination
   r12 00002aeb75eab3c8, r13 0000000000000011, r14 00002aeb75f09c70
   r15 0000000000000088
   rax fffffffffffffffc, rbx 00007ffdb4aa67a0, rcx ffffffffffffffff
   rdx 0000000000000000, rsp 00007ffdb4aa6768, rbp 0000000000000001
   rsi 00007ffdb4aa67a0, rdi 000000000000048e, r8  00002b7b9e850700
   r9  0000000000000000, r10 0000000000000000, r11 0000000000000246
   r12 00007ffdb4aa67c0, r13 0000000000000076, r14 0000000000000000
   r15 00007ffdb4aad180
  /usr/lib/gcc/x86_64-redhat-linux/4.8.5/../../../../lib64/libpthread.so.0(+0xf370) [0x2aeb74dd2370]
  /data/szalewicgrp/connornm/opt/Gaussian/g09-M05-par/g09/l502.exe() [0x144c44c]
  /usr/lib/gcc/x86_64-redhat-linux/4.8.5/../../../../lib64/libpthread.so.0(+0xf370) [0x2b7b9df85370]
  /usr/lib/gcc/x86_64-redhat-linux/4.8.5/../../../../lib64/libc.so.6(waitpid+0x1c) [0x2b7b9e55227c]
  /usr/lib/gcc/x86_64-redhat-linux/4.8.5/../../../../lib64/libc.so.6(+0x41c72) [0x2b7b9e4d5c72]
  /data/szalewicgrp/connornm/opt/Gaussian/g09-M05-par/g09/g09() [0x40564a]
  /data/szalewicgrp/connornm/opt/Gaussian/g09-M05-par/g09/g09() [0x404a4a]
  /data/szalewicgrp/connornm/opt/Gaussian/g09-M05-par/g09/g09() [0x40370b]
  /usr/lib/gcc/x86_64-redhat-linux/4.8.5/../../../../lib64/libc.so.6(__libc_start_main+0xf5) [0x2b7b9e4b5b35]
  /data/szalewicgrp/connornm/opt/Gaussian/g09-M05-par/g09/g09() [0x403609]
