slurmstepd: error: *** JOB 903461 ON chimera-node47 CANCELLED AT 2018-12-06T13:18:52 ***
Error: software termination
   rax 00007ffe0b138eb8, rbx 00007ffe0b138d78, rcx 00007ffe0b138e28
   rdx 00007ffe0b138e30, rsp 00007ffe0b1210c0, rbp 00007ffe0b1211c0
   rsi 00007ffe0b1393a0, rdi 00007ffe0b150ba0, r8  00007ffe0b139390
   r9  00007ffe0b138e50, r10 00007ffe0b138ee8, r11 00007ffe0b138dc8
   r12 00007ffe0b138d80, r13 00007ffe0b138e18, r14 00007ffe0b138ec0
   r15 00007ffe0b138d90
Error: software termination
   rax fffffffffffffffc, rbx 00007ffe5355ce70, rcx ffffffffffffffff
   rdx 0000000000000000, rsp 00007ffe5355ce38, rbp 0000000000000001
   rsi 00007ffe5355ce70, rdi 0000000000007385, r8  00002afc9ecea700
   r9  0000000000000000, r10 0000000000000000, r11 0000000000000246
   r12 00007ffe5355ce90, r13 0000000000000077, r14 0000000000000000
   r15 00007ffe53563850
  /usr/lib/gcc/x86_64-redhat-linux/4.8.5/../../../../lib64/libpthread.so.0(+0xf370) [0x2ad15ea40370]
  /data/szalewicgrp/connornm/opt/Gaussian/g09-M05-par/g09/l502.exe() [0xe9d985]
  /data/szalewicgrp/connornm/opt/Gaussian/g09-M05-par/g09/l502.exe() [0xbbb5c3]
  /data/szalewicgrp/connornm/opt/Gaussian/g09-M05-par/g09/l502.exe() [0x85c543]
  /data/szalewicgrp/connornm/opt/Gaussian/g09-M05-par/g09/l502.exe() [0x6b8c4f]
  /data/szalewicgrp/connornm/opt/Gaussian/g09-M05-par/g09/l502.exe() [0x4ce77c]
  /data/szalewicgrp/connornm/opt/Gaussian/g09-M05-par/g09/l502.exe() [0x4d4929]
  /data/szalewicgrp/connornm/opt/Gaussian/g09-M05-par/g09/l502.exe() [0x4bd4d6]
  /data/szalewicgrp/connornm/opt/Gaussian/g09-M05-par/g09/l502.exe() [0x52788f]
  /data/szalewicgrp/connornm/opt/Gaussian/g09-M05-par/g09/l502.exe() [0x41b05a]
  /data/szalewicgrp/connornm/opt/Gaussian/g09-M05-par/g09/l502.exe() [0x40f2e4]
  /data/szalewicgrp/connornm/opt/Gaussian/g09-M05-par/g09/l502.exe() [0x403830]
  /data/szalewicgrp/connornm/opt/Gaussian/g09-M05-par/g09/l502.exe() [0x40376b]
  /usr/lib/gcc/x86_64-redhat-linux/4.8.5/../../../../lib64/libc.so.6(__libc_start_main+0xf5) [0x2ad15ef70b35]
  /data/szalewicgrp/connornm/opt/Gaussian/g09-M05-par/g09/l502.exe() [0x403669]
  /usr/lib/gcc/x86_64-redhat-linux/4.8.5/../../../../lib64/libpthread.so.0(+0xf370) [0x2afc9e41f370]
  /usr/lib/gcc/x86_64-redhat-linux/4.8.5/../../../../lib64/libc.so.6(waitpid+0x1c) [0x2afc9e9ec27c]
  /usr/lib/gcc/x86_64-redhat-linux/4.8.5/../../../../lib64/libc.so.6(+0x41c72) [0x2afc9e96fc72]
  /data/szalewicgrp/connornm/opt/Gaussian/g09-M05-par/g09/g09() [0x40564a]
  /data/szalewicgrp/connornm/opt/Gaussian/g09-M05-par/g09/g09() [0x404a4a]
  /data/szalewicgrp/connornm/opt/Gaussian/g09-M05-par/g09/g09() [0x40370b]
  /usr/lib/gcc/x86_64-redhat-linux/4.8.5/../../../../lib64/libc.so.6(__libc_start_main+0xf5) [0x2afc9e94fb35]
  /data/szalewicgrp/connornm/opt/Gaussian/g09-M05-par/g09/g09() [0x403609]
