slurmstepd: error: *** JOB 904590 ON chimera-node20 CANCELLED AT 2018-12-06T16:04:48 ***
Error: software termination
   rax be36e761a1a97368, rbx 000000000000000e, rcx ffffffffffffffbd
   rdx 0000000000000003, rsp 00007ffd17915e38, rbp 00007ffd17916330
   rsi 00002ac3a5c40d98, rdi 00002ac3a5c4d698, r8  be46c7130d51b402
   r9  bd56d00a5b7e6017, r10 ffffffffffffffd8, r11 bdf7e24bae44e314
   r12 00002ac3a5c13aa0, r13 00002ac3a5c426d0, r14 00002ac3a5c35dd0
   r15 0000000000000218
Error: software termination
   rax fffffffffffffffc, rbx 00007ffde23005f0, rcx ffffffffffffffff
   rdx 0000000000000000, rsp 00007ffde23005b8, rbp 0000000000000001
   rsi 00007ffde23005f0, rdi 0000000000003ae5, r8  00002aaca495e700
   r9  0000000000000000, r10 0000000000000000, r11 0000000000000246
   r12 00007ffde2300610, r13 0000000000000077, r14 0000000000000000
   r15 00007ffde2306fd0
  /usr/lib/gcc/x86_64-redhat-linux/4.8.5/../../../../lib64/libpthread.so.0(+0xf370) [0x2ac3a4aea370]
  /data/szalewicgrp/connornm/opt/Gaussian/g09-M05-par/g09/l502.exe() [0x144c45b]
  /usr/lib/gcc/x86_64-redhat-linux/4.8.5/../../../../lib64/libpthread.so.0(+0xf370) [0x2aaca4093370]
  /usr/lib/gcc/x86_64-redhat-linux/4.8.5/../../../../lib64/libc.so.6(waitpid+0x1c) [0x2aaca466027c]
  /usr/lib/gcc/x86_64-redhat-linux/4.8.5/../../../../lib64/libc.so.6(+0x41c72) [0x2aaca45e3c72]
  /data/szalewicgrp/connornm/opt/Gaussian/g09-M05-par/g09/g09() [0x40564a]
  /data/szalewicgrp/connornm/opt/Gaussian/g09-M05-par/g09/g09() [0x404a4a]
  /data/szalewicgrp/connornm/opt/Gaussian/g09-M05-par/g09/g09() [0x40370b]
  /usr/lib/gcc/x86_64-redhat-linux/4.8.5/../../../../lib64/libc.so.6(__libc_start_main+0xf5) [0x2aaca45c3b35]
  /data/szalewicgrp/connornm/opt/Gaussian/g09-M05-par/g09/g09() [0x403609]
slurmstepd: error: *** JOB 904610 ON chimera-node61 CANCELLED AT 2018-12-06T16:04:48 ***
Error: software termination
Error: software termination
   rax 0000000000000180, rbx 00002afaf3d996a0, rcx 00002afaf3dbaea0
   rdx 00002afaf3d8f998, rsp 00007ffef9fddbb0, rbp 00007ffef9fddca0
   rsi 00002afaf3d91900, rdi 00002afaf3d862d8, r8  00002afaf3d9afc0
   rax fffffffffffffffc, rbx 00007ffcd0408ea0, rcx ffffffffffffffff
   r9  00002afaf3d8f138, r10 00002afaf3d94b40, r11 00002afaf3d8d1d0
   rdx 0000000000000000, rsp 00007ffcd0408e68, rbp 0000000000000001
   r12 00002afaf3d8e078, r13 00002afaf3d987f8, r14 00002afaf3d89518
   rsi 00007ffcd0408ea0, rdi 0000000000003455, r8  00002b721660a700
   r15 00002afaf3d9a760
   r9  0000000000000000, r10 0000000000000000, r11 0000000000000246
   r12 00007ffcd0408ec0, r13 0000000000000077, r14 0000000000000000
   r15 00007ffcd040f880
  /usr/lib/gcc/x86_64-redhat-linux/4.8.5/../../../../lib64/libpthread.so.0(+0xf370) [0x2b7215d3f370]
  /usr/lib/gcc/x86_64-redhat-linux/4.8.5/../../../../lib64/libc.so.6(waitpid+0x1c) [0x2b721630c27c]
  /usr/lib/gcc/x86_64-redhat-linux/4.8.5/../../../../lib64/libc.so.6(+0x41c72) [0x2b721628fc72]
  /data/szalewicgrp/connornm/opt/Gaussian/g09-M05-par/g09/g09() [0x40564a]
  /data/szalewicgrp/connornm/opt/Gaussian/g09-M05-par/g09/g09() [0x404a4a]
  /data/szalewicgrp/connornm/opt/Gaussian/g09-M05-par/g09/g09() [0x40370b]
  /usr/lib/gcc/x86_64-redhat-linux/4.8.5/../../../../lib64/libc.so.6(__libc_start_main+0xf5) [0x2b721626fb35]
  /data/szalewicgrp/connornm/opt/Gaussian/g09-M05-par/g09/g09() [0x403609]
  /usr/lib/gcc/x86_64-redhat-linux/4.8.5/../../../../lib64/libpthread.so.0(+0xf370) [0x2afaf2c60370]
  /data/szalewicgrp/connornm/opt/Gaussian/g09-M05-par/g09/l502.exe() [0xd897db]
  /data/szalewicgrp/connornm/opt/Gaussian/g09-M05-par/g09/l502.exe() [0xb37dbe]
  /data/szalewicgrp/connornm/opt/Gaussian/g09-M05-par/g09/l502.exe() [0xb1d919]
  /data/szalewicgrp/connornm/opt/Gaussian/g09-M05-par/g09/l502.exe() [0x86dc9e]
  /data/szalewicgrp/connornm/opt/Gaussian/g09-M05-par/g09/l502.exe() [0x85e78b]
  /data/szalewicgrp/connornm/opt/Gaussian/g09-M05-par/g09/l502.exe() [0x6b8c4f]
  /data/szalewicgrp/connornm/opt/Gaussian/g09-M05-par/g09/l502.exe() [0x4ce77c]
  /data/szalewicgrp/connornm/opt/Gaussian/g09-M05-par/g09/l502.exe() [0x4d4929]
  /data/szalewicgrp/connornm/opt/Gaussian/g09-M05-par/g09/l502.exe() [0x4bd4d6]
  /data/szalewicgrp/connornm/opt/Gaussian/g09-M05-par/g09/l502.exe() [0x52788f]
  /data/szalewicgrp/connornm/opt/Gaussian/g09-M05-par/g09/l502.exe() [0x41b05a]
  /data/szalewicgrp/connornm/opt/Gaussian/g09-M05-par/g09/l502.exe() [0x40f2e4]
  /data/szalewicgrp/connornm/opt/Gaussian/g09-M05-par/g09/l502.exe() [0x403830]
  /data/szalewicgrp/connornm/opt/Gaussian/g09-M05-par/g09/l502.exe() [0x40376b]
  /usr/lib/gcc/x86_64-redhat-linux/4.8.5/../../../../lib64/libc.so.6(__libc_start_main+0xf5) [0x2afaf3190b35]
  /data/szalewicgrp/connornm/opt/Gaussian/g09-M05-par/g09/l502.exe() [0x403669]
