slurmstepd: error: *** JOB 904589 ON chimera-node15 CANCELLED AT 2018-12-06T16:04:48 ***
Error: software termination
   rax 3f6176f7ce6ebcb7, rbx 0000000000000056, rcx ffffffffffffffbd
   rdx 0000000000000003, rsp 00007fff1a101208, rbp 00007fff1a101700
   rsi 00002ae7bae7fbd0, rdi 00002ae7bae8c4d0, r8  3f24fd00e0b4c0fe
   r9  bf6d3acd09af0e04, r10 ffffffffffffffe8, r11 bf5e528df20e7b18
   r12 00002ae7bae5b8f0, r13 00002ae7bae8abc8, r14 00002ae7bae7e2c8
   r15 0000000000000218
Error: software termination
   rax fffffffffffffffc, rbx 00007ffd87c4daf0, rcx ffffffffffffffff
   rdx 0000000000000000, rsp 00007ffd87c4dab8, rbp 0000000000000001
   rsi 00007ffd87c4daf0, rdi 0000000000005661, r8  00002b217a27c700
   r9  0000000000000000, r10 0000000000000000, r11 0000000000000246
   r12 00007ffd87c4db10, r13 0000000000000077, r14 0000000000000000
   r15 00007ffd87c544d0
  /usr/lib/gcc/x86_64-redhat-linux/4.8.5/../../../../lib64/libpthread.so.0(+0xf370) [0x2ae7b9d3a370]
  /data/szalewicgrp/connornm/opt/Gaussian/g09-M05-par/g09/l502.exe() [0x144c456]
  /usr/lib/gcc/x86_64-redhat-linux/4.8.5/../../../../lib64/libpthread.so.0(+0xf370) [0x2b21799b1370]
slurmstepd: error: *** JOB 904609 ON chimera-node60 CANCELLED AT 2018-12-06T16:04:48 ***
Error: software termination
   rax 0000000000000060, rbx 00002b738b915a08, rcx 00002b738b945e10
   rdx 00002b738b9114d8, rsp 00007ffc2d42d5b0, rbp 00007ffc2d42d6a0
   rsi 00002b738b912768, rdi 00002b738b90c4b0, r8  00002b738b917790
   r9  00002b738b910758, r10 00002b738b913ba8, r11 00002b738b90e8f8
   r12 00002b738b90f750, r13 00002b738b914bb0, r14 00002b738b90d8f0
   r15 00002b738b916a10
Error: software termination
   rax fffffffffffffffc, rbx 00007ffea04bfce0, rcx ffffffffffffffff
   rdx 0000000000000000, rsp 00007ffea04bfca8, rbp 0000000000000001
   rsi 00007ffea04bfce0, rdi 0000000000005ec5, r8  00002b16c0bd5700
   r9  0000000000000000, r10 0000000000000000, r11 0000000000000246
   r12 00007ffea04bfd00, r13 0000000000000077, r14 0000000000000000
   r15 00007ffea04c66c0
  /usr/lib/gcc/x86_64-redhat-linux/4.8.5/../../../../lib64/libpthread.so.0(+0xf370) [0x2b738a7d0370]
  /data/szalewicgrp/connornm/opt/Gaussian/g09-M05-par/g09/l502.exe() [0xd8922e]
  /data/szalewicgrp/connornm/opt/Gaussian/g09-M05-par/g09/l502.exe() [0xb37dbe]
  /data/szalewicgrp/connornm/opt/Gaussian/g09-M05-par/g09/l502.exe() [0xb1d919]
  /data/szalewicgrp/connornm/opt/Gaussian/g09-M05-par/g09/l502.exe() [0x86dc9e]
  /data/szalewicgrp/connornm/opt/Gaussian/g09-M05-par/g09/l502.exe() [0x85e78b]
  /data/szalewicgrp/connornm/opt/Gaussian/g09-M05-par/g09/l502.exe() [0x6b8c4f]
  /data/szalewicgrp/connornm/opt/Gaussian/g09-M05-par/g09/l502.exe() [0x4ce77c]
  /data/szalewicgrp/connornm/opt/Gaussian/g09-M05-par/g09/l502.exe() [0x4d4929]
  /data/szalewicgrp/connornm/opt/Gaussian/g09-M05-par/g09/l502.exe() [0x4bd4d6]
  /data/szalewicgrp/connornm/opt/Gaussian/g09-M05-par/g09/l502.exe() [0x52788f]
  /data/szalewicgrp/connornm/opt/Gaussian/g09-M05-par/g09/l502.exe() [0x41b05a]
  /data/szalewicgrp/connornm/opt/Gaussian/g09-M05-par/g09/l502.exe() [0x40f2e4]
  /data/szalewicgrp/connornm/opt/Gaussian/g09-M05-par/g09/l502.exe() [0x403830]
  /data/szalewicgrp/connornm/opt/Gaussian/g09-M05-par/g09/l502.exe() [0x40376b]
  /usr/lib/gcc/x86_64-redhat-linux/4.8.5/../../../../lib64/libc.so.6(__libc_start_main+0xf5) [0x2b738ad00b35]
  /usr/lib/gcc/x86_64-redhat-linux/4.8.5/../../../../lib64/libpthread.so.0(+0xf370) [0x2b16c030a370]
  /data/szalewicgrp/connornm/opt/Gaussian/g09-M05-par/g09/l502.exe() [0x403669]
  /usr/lib/gcc/x86_64-redhat-linux/4.8.5/../../../../lib64/libc.so.6(waitpid+0x1c) [0x2b16c08d727c]
  /usr/lib/gcc/x86_64-redhat-linux/4.8.5/../../../../lib64/libc.so.6(+0x41c72) [0x2b16c085ac72]
  /data/szalewicgrp/connornm/opt/Gaussian/g09-M05-par/g09/g09() [0x40564a]
  /data/szalewicgrp/connornm/opt/Gaussian/g09-M05-par/g09/g09() [0x404a4a]
  /data/szalewicgrp/connornm/opt/Gaussian/g09-M05-par/g09/g09() [0x40370b]
  /usr/lib/gcc/x86_64-redhat-linux/4.8.5/../../../../lib64/libc.so.6(__libc_start_main+0xf5) [0x2b16c083ab35]
  /data/szalewicgrp/connornm/opt/Gaussian/g09-M05-par/g09/g09() [0x403609]
