slurmstepd: error: *** JOB 912414 ON chimera-node48 CANCELLED AT 2018-12-08T13:39:30 ***
Error: software termination
   rax 00000000559ce9a0, rbx 0000000000000140, rcx 00000000559a41a0
   rdx 0000000000000640, rsp 00007ffcbb87f338, rbp 00000000000003c0
   rsi 0000000055999e60, rdi 00000000000008c0, r8  0000000000000140
Error: software termination
   r9  0000000000000028, r10 00000000559a7fe0, r11 0000000000000028
   r12 000000000000000a, r13 0000000000003200, r14 0000000000000000
   r15 00000000559d02a0
   rax fffffffffffffffc, rbx 00007ffdeadb1760, rcx ffffffffffffffff
   rdx 0000000000000000, rsp 00007ffdeadb1728, rbp 0000000000000001
   rsi 00007ffdeadb1760, rdi 000000000000573b, r8  00002b039eacd700
   r9  0000000000000000, r10 0000000000000000, r11 0000000000000246
   r12 00007ffdeadb1780, r13 0000000000000077, r14 0000000000000000
   r15 00007ffdeadb8140
  /usr/lib/gcc/x86_64-redhat-linux/4.8.5/../../../../lib64/libpthread.so.0(+0xf370) [0x2b7300b25370]
  /data/szalewicgrp/connornm/opt/Gaussian/g09-M05-par/g09/l502.exe() [0x10e0746]
  /usr/lib/gcc/x86_64-redhat-linux/4.8.5/../../../../lib64/libpthread.so.0(+0xf370) [0x2b039e202370]
  /usr/lib/gcc/x86_64-redhat-linux/4.8.5/../../../../lib64/libc.so.6(waitpid+0x1c) [0x2b039e7cf27c]
  /usr/lib/gcc/x86_64-redhat-linux/4.8.5/../../../../lib64/libc.so.6(+0x41c72) [0x2b039e752c72]
  /data/szalewicgrp/connornm/opt/Gaussian/g09-M05-par/g09/g09() [0x40564a]
  /data/szalewicgrp/connornm/opt/Gaussian/g09-M05-par/g09/g09() [0x404a4a]
  /data/szalewicgrp/connornm/opt/Gaussian/g09-M05-par/g09/g09() [0x40370b]
  /usr/lib/gcc/x86_64-redhat-linux/4.8.5/../../../../lib64/libc.so.6(__libc_start_main+0xf5) [0x2b039e732b35]
  /data/szalewicgrp/connornm/opt/Gaussian/g09-M05-par/g09/g09() [0x403609]
