slurmstepd: error: *** JOB 904599 ON chimera-node51 CANCELLED AT 2018-12-06T16:04:48 ***
Error: software termination
   rax 00007ffe693259d0, rbx 00007ffe69325e20, rcx 0000000000003cf2
   rdx 00007ffe693262a0, rsp 00007ffe693258f8, rbp 00007ffe69325950
   rsi 0000000000013c50, rdi 00002b7f26039100, r8  00002b7f2651f500
   r9  00002b7f2651f500, r10 0000000000000000, r11 000000000000000a
   r12 000000000000003b, r13 000000000000003a, r14 000000000000003b
   r15 000000000000003a
Error: software termination
   rax fffffffffffffffc, rbx 00007fffea67abf0, rcx ffffffffffffffff
   rdx 0000000000000000, rsp 00007fffea67abb8, rbp 0000000000000001
   rsi 00007fffea67abf0, rdi 00000000000081aa, r8  00002b0aa2491700
   r9  0000000000000000, r10 0000000000000000, r11 0000000000000246
   r12 00007fffea67ac10, r13 0000000000000077, r14 0000000000000000
   r15 00007fffea6815d0
  /usr/lib/gcc/x86_64-redhat-linux/4.8.5/../../../../lib64/libpthread.so.0(+0xf370) [0x2b7f24f87370]
  /data/szalewicgrp/connornm/opt/Gaussian/g09-M05-par/g09/l502.exe() [0x144d4cc]
  /usr/lib/gcc/x86_64-redhat-linux/4.8.5/../../../../lib64/libpthread.so.0(+0xf370) [0x2b0aa1bc6370]
  /usr/lib/gcc/x86_64-redhat-linux/4.8.5/../../../../lib64/libc.so.6(waitpid+0x1c) [0x2b0aa219327c]
  /usr/lib/gcc/x86_64-redhat-linux/4.8.5/../../../../lib64/libc.so.6(+0x41c72) [0x2b0aa2116c72]
  /data/szalewicgrp/connornm/opt/Gaussian/g09-M05-par/g09/g09() [0x40564a]
  /data/szalewicgrp/connornm/opt/Gaussian/g09-M05-par/g09/g09() [0x404a4a]
  /data/szalewicgrp/connornm/opt/Gaussian/g09-M05-par/g09/g09() [0x40370b]
  /usr/lib/gcc/x86_64-redhat-linux/4.8.5/../../../../lib64/libc.so.6(__libc_start_main+0xf5) [0x2b0aa20f6b35]
  /data/szalewicgrp/connornm/opt/Gaussian/g09-M05-par/g09/g09() [0x403609]
