slurmstepd: error: *** JOB 904600 ON chimera-node53 CANCELLED AT 2018-12-06T16:04:48 ***
Error: software termination
   rax 00002b5a0f5d3ed8, rbx 00002b5a0f5d6368, rcx 0000000000000f5b
   rdx 00002b5a0f40ef18, rsp 00007ffc50736b80, rbp 00007ffc50736cb0
   rsi 0000000000000056, rdi 00002b5a0f5d5c18, r8  00002b5a0f418848
   r9  00002b5a0f418848, r10 00002b5a0f5d4280, r11 0000000000000056
   r12 00002b5a0f5d54c8, r13 00002b5a0f5d4d78, r14 00002b5a0f5d5870
   r15 00002b5a0f33c680
Error: software termination
   rax fffffffffffffffc, rbx 00007ffc13b779a0, rcx ffffffffffffffff
   rdx 0000000000000000, rsp 00007ffc13b77968, rbp 0000000000000001
   rsi 00007ffc13b779a0, rdi 0000000000009378, r8  00002b88fc5c1700
   r9  0000000000000000, r10 0000000000000000, r11 0000000000000246
   r12 00007ffc13b779c0, r13 0000000000000077, r14 0000000000000000
   r15 00007ffc13b7e380
  /usr/lib/gcc/x86_64-redhat-linux/4.8.5/../../../../lib64/libpthread.so.0(+0xf370) [0x2b5a0e4c5370]
  /data/szalewicgrp/connornm/opt/Gaussian/g09-M05-par/g09/l502.exe() [0xe70db5]
  /usr/lib/gcc/x86_64-redhat-linux/4.8.5/../../../../lib64/libpthread.so.0(+0xf370) [0x2b88fbcf6370]
  /data/szalewicgrp/connornm/opt/Gaussian/g09-M05-par/g09/l502.exe() [0xbbc756]
  /usr/lib/gcc/x86_64-redhat-linux/4.8.5/../../../../lib64/libc.so.6(waitpid+0x1c) [0x2b88fc2c327c]
  /data/szalewicgrp/connornm/opt/Gaussian/g09-M05-par/g09/l502.exe() [0x85c543]
  /usr/lib/gcc/x86_64-redhat-linux/4.8.5/../../../../lib64/libc.so.6(+0x41c72) [0x2b88fc246c72]
  /data/szalewicgrp/connornm/opt/Gaussian/g09-M05-par/g09/l502.exe() [0x6b8c4f]
  /data/szalewicgrp/connornm/opt/Gaussian/g09-M05-par/g09/g09() [0x40564a]
  /data/szalewicgrp/connornm/opt/Gaussian/g09-M05-par/g09/l502.exe() [0x4ce77c]
  /data/szalewicgrp/connornm/opt/Gaussian/g09-M05-par/g09/g09() [0x404a4a]
  /data/szalewicgrp/connornm/opt/Gaussian/g09-M05-par/g09/l502.exe() [0x4d4929]
  /data/szalewicgrp/connornm/opt/Gaussian/g09-M05-par/g09/g09() [0x40370b]
  /data/szalewicgrp/connornm/opt/Gaussian/g09-M05-par/g09/l502.exe() [0x4bd4d6]
  /usr/lib/gcc/x86_64-redhat-linux/4.8.5/../../../../lib64/libc.so.6(__libc_start_main+0xf5) [0x2b88fc226b35]
  /data/szalewicgrp/connornm/opt/Gaussian/g09-M05-par/g09/l502.exe() [0x52788f]
  /data/szalewicgrp/connornm/opt/Gaussian/g09-M05-par/g09/g09() [0x403609]
  /data/szalewicgrp/connornm/opt/Gaussian/g09-M05-par/g09/l502.exe() [0x41b05a]
  /data/szalewicgrp/connornm/opt/Gaussian/g09-M05-par/g09/l502.exe() [0x40f2e4]
  /data/szalewicgrp/connornm/opt/Gaussian/g09-M05-par/g09/l502.exe() [0x403830]
  /data/szalewicgrp/connornm/opt/Gaussian/g09-M05-par/g09/l502.exe() [0x40376b]
  /usr/lib/gcc/x86_64-redhat-linux/4.8.5/../../../../lib64/libc.so.6(__libc_start_main+0xf5) [0x2b5a0e9f5b35]
  /data/szalewicgrp/connornm/opt/Gaussian/g09-M05-par/g09/l502.exe() [0x403669]
