slurmstepd: error: *** JOB 905250 ON chimera-node21 CANCELLED AT 2018-12-07T11:53:34 ***
Error: software termination
   rax 0000000000000035, rbx 0000000000000258, rcx 00002b2e30a37218
   rdx 00002b2e30a31b60, rsp 00007ffd9aa1e1f0, rbp 00007ffd9aa1e850
   rsi 00002b2e305ffd18, rdi 00002b2e3078b8c8, r8  0000000000010b8d
   r9  000000000000a7f9, r10 bf2654f77bbe7a0d, r11 00002b2e30a46ea8
   r12 0000000000000258, r13 00002b2e30a37170, r14 00002b2e30a37170
   r15 ffffffffffffffff
Error: software termination
   rax fffffffffffffffc, rbx 00007fffb5f0a5b0, rcx ffffffffffffffff
   rdx 0000000000000000, rsp 00007fffb5f0a578, rbp 0000000000000001
   rsi 00007fffb5f0a5b0, rdi 000000000000087b, r8  00002adb406df700
   r9  0000000000000000, r10 0000000000000000, r11 0000000000000246
   r12 00007fffb5f0a5d0, r13 0000000000000076, r14 0000000000000000
   r15 00007fffb5f10f90
  /usr/lib/gcc/x86_64-redhat-linux/4.8.5/../../../../lib64/libpthread.so.0(+0xf370) [0x2b2e2f910370]
  /data/szalewicgrp/connornm/opt/Gaussian/g09-M05-par/g09/l502.exe() [0xb5bd9a]
  /data/szalewicgrp/connornm/opt/Gaussian/g09-M05-par/g09/l502.exe() [0x86d2f3]
  /data/szalewicgrp/connornm/opt/Gaussian/g09-M05-par/g09/l502.exe() [0x85e78b]
  /data/szalewicgrp/connornm/opt/Gaussian/g09-M05-par/g09/l502.exe() [0x6b8c4f]
  /usr/lib/gcc/x86_64-redhat-linux/4.8.5/../../../../lib64/libpthread.so.0(+0xf370) [0x2adb3fe14370]
  /data/szalewicgrp/connornm/opt/Gaussian/g09-M05-par/g09/l502.exe() [0x4ce77c]
  /data/szalewicgrp/connornm/opt/Gaussian/g09-M05-par/g09/l502.exe() [0x4d4929]
  /data/szalewicgrp/connornm/opt/Gaussian/g09-M05-par/g09/l502.exe() [0x4bd4d6]
  /data/szalewicgrp/connornm/opt/Gaussian/g09-M05-par/g09/l502.exe() [0x52788f]
  /data/szalewicgrp/connornm/opt/Gaussian/g09-M05-par/g09/l502.exe() [0x41b05a]
  /data/szalewicgrp/connornm/opt/Gaussian/g09-M05-par/g09/l502.exe() [0x40f2e4]
  /data/szalewicgrp/connornm/opt/Gaussian/g09-M05-par/g09/l502.exe() [0x403830]
  /usr/lib/gcc/x86_64-redhat-linux/4.8.5/../../../../lib64/libc.so.6(waitpid+0x1c) [0x2adb403e127c]
  /data/szalewicgrp/connornm/opt/Gaussian/g09-M05-par/g09/l502.exe() [0x40376b]
  /usr/lib/gcc/x86_64-redhat-linux/4.8.5/../../../../lib64/libc.so.6(+0x41c72) [0x2adb40364c72]
  /usr/lib/gcc/x86_64-redhat-linux/4.8.5/../../../../lib64/libc.so.6(__libc_start_main+0xf5) [0x2b2e2fe40b35]
  /data/szalewicgrp/connornm/opt/Gaussian/g09-M05-par/g09/g09() [0x40564a]
  /data/szalewicgrp/connornm/opt/Gaussian/g09-M05-par/g09/l502.exe() [0x403669]
  /data/szalewicgrp/connornm/opt/Gaussian/g09-M05-par/g09/g09() [0x404a4a]
  /data/szalewicgrp/connornm/opt/Gaussian/g09-M05-par/g09/g09() [0x40370b]
  /usr/lib/gcc/x86_64-redhat-linux/4.8.5/../../../../lib64/libc.so.6(__libc_start_main+0xf5) [0x2adb40344b35]
  /data/szalewicgrp/connornm/opt/Gaussian/g09-M05-par/g09/g09() [0x403609]
