slurmstepd: error: *** JOB 891169 ON chimera-node48 CANCELLED AT 2018-12-01T21:03:48 ***
Error: software termination
Error: software termination
   rax fffffffffffffffc, rbx 00007ffc336eb030, rcx ffffffffffffffff
   rdx 0000000000000000, rsp 00007ffc336eaff8, rbp 0000000000000001
   rsi 00007ffc336eb030, rdi 000000000000700c, r8  00002ad2df71a700
   rax 000000005552b900, rbx 0000000000000140, rcx 00000000555118c0
   r9  0000000000000000, r10 0000000000000000, r11 0000000000000246
   rdx 0000000000000640, rsp 00007ffc033ca2d8, rbp 00000000000003c0
   r12 00007ffc336eb050, r13 0000000000000077, r14 0000000000000000
   rsi 00002ae06d683c50, rdi 00000000000008c0, r8  0000000000000140
   r15 00007ffc336f1a10
   r9  000000000000068a, r10 00000000555155c0, r11 0000000000000028
   r12 0000000000000009, r13 0000000000003200, r14 0000000000003310
   r15 000000005552cf80
  /usr/lib/gcc/x86_64-redhat-linux/4.8.5/../../../../lib64/libpthread.so.0(+0xf370) [0x2ae06926e370]
  /data/szalewicgrp/connornm/opt/Gaussian/g09-M05-par/g09/l502.exe() [0x10e00ba]
  /usr/lib/gcc/x86_64-redhat-linux/4.8.5/../../../../lib64/libpthread.so.0(+0xf370) [0x2ad2dee4f370]
  /usr/lib/gcc/x86_64-redhat-linux/4.8.5/../../../../lib64/libc.so.6(waitpid+0x1c) [0x2ad2df41c27c]
  /usr/lib/gcc/x86_64-redhat-linux/4.8.5/../../../../lib64/libc.so.6(+0x41c72) [0x2ad2df39fc72]
  /data/szalewicgrp/connornm/opt/Gaussian/g09-M05-par/g09/g09() [0x40564a]
  /data/szalewicgrp/connornm/opt/Gaussian/g09-M05-par/g09/g09() [0x404a4a]
  /data/szalewicgrp/connornm/opt/Gaussian/g09-M05-par/g09/g09() [0x40370b]
  /usr/lib/gcc/x86_64-redhat-linux/4.8.5/../../../../lib64/libc.so.6(__libc_start_main+0xf5) [0x2ad2df37fb35]
  /data/szalewicgrp/connornm/opt/Gaussian/g09-M05-par/g09/g09() [0x403609]
