slurmstepd: error: *** JOB 891171 ON chimera-node43 CANCELLED AT 2018-12-01T21:03:48 ***
Error: software termination
   rax 000000000011175f, rbx 0000000000000001, rcx 0000000000226848
   rdx 0000000000044d11, rsp 00007ffc4c3cca30, rbp 00007ffc4c3ccaa0
   rsi 00002aeb9b83b2a8, rdi 00002aebda87c4b8, r8  00002aeb9b83b2a8
   r9  0000000000156477, r10 00007ffc4c3cc8d8, r11 0000000000000006
   r12 0000000000000001, r13 0000000000000001, r14 0000000000000000
   r15 0000000000000010
Error: software termination
   rax fffffffffffffffc, rbx 00007ffe0f4dc930, rcx ffffffffffffffff
   rdx 0000000000000000, rsp 00007ffe0f4dc8f8, rbp 0000000000000001
   rsi 00007ffe0f4dc930, rdi 0000000000009b75, r8  00002b60328c2700
   r9  0000000000000000, r10 0000000000000000, r11 0000000000000246
   r12 00007ffe0f4dc950, r13 0000000000000077, r14 0000000000000000
   r15 00007ffe0f4e3310
  /usr/lib/gcc/x86_64-redhat-linux/4.8.5/../../../../lib64/libpthread.so.0(+0xf370) [0x2aeb98042370]
  /data/szalewicgrp/connornm/opt/Gaussian/g09-M05-par/g09/l502.exe() [0x4870fb]
  /data/szalewicgrp/connornm/opt/Gaussian/g09-M05-par/g09/l502.exe() [0x698d9a]
  /data/szalewicgrp/connornm/opt/Gaussian/g09-M05-par/g09/l502.exe() [0x693d6a]
  /data/szalewicgrp/connornm/opt/Gaussian/g09-M05-par/g09/l502.exe() [0x4d2026]
  /data/szalewicgrp/connornm/opt/Gaussian/g09-M05-par/g09/l502.exe() [0x5288c7]
  /data/szalewicgrp/connornm/opt/Gaussian/g09-M05-par/g09/l502.exe() [0x41b05a]
  /data/szalewicgrp/connornm/opt/Gaussian/g09-M05-par/g09/l502.exe() [0x40f2e4]
  /data/szalewicgrp/connornm/opt/Gaussian/g09-M05-par/g09/l502.exe() [0x403830]
  /data/szalewicgrp/connornm/opt/Gaussian/g09-M05-par/g09/l502.exe() [0x40376b]
  /usr/lib/gcc/x86_64-redhat-linux/4.8.5/../../../../lib64/libc.so.6(__libc_start_main+0xf5) [0x2aeb98572b35]
  /data/szalewicgrp/connornm/opt/Gaussian/g09-M05-par/g09/l502.exe() [0x403669]
  /usr/lib/gcc/x86_64-redhat-linux/4.8.5/../../../../lib64/libpthread.so.0(+0xf370) [0x2b6031ff7370]
  /usr/lib/gcc/x86_64-redhat-linux/4.8.5/../../../../lib64/libc.so.6(waitpid+0x1c) [0x2b60325c427c]
  /usr/lib/gcc/x86_64-redhat-linux/4.8.5/../../../../lib64/libc.so.6(+0x41c72) [0x2b6032547c72]
  /data/szalewicgrp/connornm/opt/Gaussian/g09-M05-par/g09/g09() [0x40564a]
  /data/szalewicgrp/connornm/opt/Gaussian/g09-M05-par/g09/g09() [0x404a4a]
  /data/szalewicgrp/connornm/opt/Gaussian/g09-M05-par/g09/g09() [0x40370b]
  /usr/lib/gcc/x86_64-redhat-linux/4.8.5/../../../../lib64/libc.so.6(__libc_start_main+0xf5) [0x2b6032527b35]
  /data/szalewicgrp/connornm/opt/Gaussian/g09-M05-par/g09/g09() [0x403609]
