slurmstepd: error: *** JOB 903482 ON chimera-node21 CANCELLED AT 2018-12-06T13:18:52 ***
Error: software termination
   rax 3f537055780a039b, rbx 0000000000000020, rcx ffffffffffffffe2
   rdx 0000000000000006, rsp 00007ffc51dc8238, rbp 00007ffc51dc8730
   rsi 00002b5b48b2c530, rdi 00002b5b48b1c360, r8  bf54ff60a45872c6
   r9  bf59ddd0fd8126a6, r10 fffffffffffffff0, r11 bf4204b153373ef3
   r12 00002b5b48aeff00, r13 00002b5b48b0efb0, r14 00002b5b48b1dfb0
   r15 00000000000000f0
Error: software termination
   rax fffffffffffffffc, rbx 00007fffcbb03ea0, rcx ffffffffffffffff
   rdx 0000000000000000, rsp 00007fffcbb03e68, rbp 0000000000000001
   rsi 00007fffcbb03ea0, rdi 0000000000007def, r8  00002abeab14a700
   r9  0000000000000000, r10 0000000000000000, r11 0000000000000246
   r12 00007fffcbb03ec0, r13 0000000000000077, r14 0000000000000000
   r15 00007fffcbb0a880
  /usr/lib/gcc/x86_64-redhat-linux/4.8.5/../../../../lib64/libpthread.so.0(+0xf370) [0x2b5b479a6370]
  /data/szalewicgrp/connornm/opt/Gaussian/g09-M05-par/g09/l502.exe() [0x144c438]
  /usr/lib/gcc/x86_64-redhat-linux/4.8.5/../../../../lib64/libpthread.so.0(+0xf370) [0x2abeaa87f370]
  /usr/lib/gcc/x86_64-redhat-linux/4.8.5/../../../../lib64/libc.so.6(waitpid+0x1c) [0x2abeaae4c27c]
  /usr/lib/gcc/x86_64-redhat-linux/4.8.5/../../../../lib64/libc.so.6(+0x41c72) [0x2abeaadcfc72]
  /data/szalewicgrp/connornm/opt/Gaussian/g09-M05-par/g09/g09() [0x40564a]
  /data/szalewicgrp/connornm/opt/Gaussian/g09-M05-par/g09/g09() [0x404a4a]
  /data/szalewicgrp/connornm/opt/Gaussian/g09-M05-par/g09/g09() [0x40370b]
  /usr/lib/gcc/x86_64-redhat-linux/4.8.5/../../../../lib64/libc.so.6(__libc_start_main+0xf5) [0x2abeaadafb35]
  /data/szalewicgrp/connornm/opt/Gaussian/g09-M05-par/g09/g09() [0x403609]
