slurmstepd: error: *** JOB 902716 ON chimera-node20 CANCELLED AT 2018-12-05T22:31:44 ***
Error: software termination
   rax 00007ffece08b630, rbx 00000000000000b8, rcx 0000000000000000
   rdx 0000000000000032, rsp 00007ffece08b3b0, rbp 00007ffece08b500
   rsi 0000000000000000, rdi 0000000000000035, r8  0000000000000006
   r9  0000000000000012, r10 0000000000004c60, r11 0000000000000006
   r12 00002af6acdea0b8, r13 0000000000000039, r14 000000000000002f
   r15 0000000000000001
Error: software termination
   rax fffffffffffffffc, rbx 00007ffe40b1a850, rcx ffffffffffffffff
   rdx 0000000000000000, rsp 00007ffe40b1a818, rbp 0000000000000001
   rsi 00007ffe40b1a850, rdi 000000000000ac28, r8  00002ab02f920700
   r9  0000000000000000, r10 0000000000000000, r11 0000000000000246
   r12 00007ffe40b1a870, r13 0000000000000077, r14 0000000000000000
   r15 00007ffe40b21230
  /usr/lib/gcc/x86_64-redhat-linux/4.8.5/../../../../lib64/libpthread.so.0(+0xf370) [0x2af6abcea370]
  /usr/lib/gcc/x86_64-redhat-linux/4.8.5/../../../../lib64/libpthread.so.0(+0xf370) [0x2ab02f055370]
  /data/szalewicgrp/connornm/opt/Gaussian/g09-M05-par/g09/l502.exe() [0xe33f5f]
  /usr/lib/gcc/x86_64-redhat-linux/4.8.5/../../../../lib64/libc.so.6(waitpid+0x1c) [0x2ab02f62227c]
  /data/szalewicgrp/connornm/opt/Gaussian/g09-M05-par/g09/l502.exe() [0xbc3829]
  /usr/lib/gcc/x86_64-redhat-linux/4.8.5/../../../../lib64/libc.so.6(+0x41c72) [0x2ab02f5a5c72]
  /data/szalewicgrp/connornm/opt/Gaussian/g09-M05-par/g09/l502.exe() [0x87b83c]
  /data/szalewicgrp/connornm/opt/Gaussian/g09-M05-par/g09/g09() [0x40564a]
  /data/szalewicgrp/connornm/opt/Gaussian/g09-M05-par/g09/l502.exe() [0x85db0b]
  /data/szalewicgrp/connornm/opt/Gaussian/g09-M05-par/g09/g09() [0x404a4a]
  /data/szalewicgrp/connornm/opt/Gaussian/g09-M05-par/g09/l502.exe() [0x6b8c4f]
  /data/szalewicgrp/connornm/opt/Gaussian/g09-M05-par/g09/g09() [0x40370b]
  /data/szalewicgrp/connornm/opt/Gaussian/g09-M05-par/g09/l502.exe() [0x4ce77c]
  /usr/lib/gcc/x86_64-redhat-linux/4.8.5/../../../../lib64/libc.so.6(__libc_start_main+0xf5) [0x2ab02f585b35]
  /data/szalewicgrp/connornm/opt/Gaussian/g09-M05-par/g09/l502.exe() [0x4d4929]
  /data/szalewicgrp/connornm/opt/Gaussian/g09-M05-par/g09/g09() [0x403609]
  /data/szalewicgrp/connornm/opt/Gaussian/g09-M05-par/g09/l502.exe() [0x4bd4d6]
  /data/szalewicgrp/connornm/opt/Gaussian/g09-M05-par/g09/l502.exe() [0x52788f]
  /data/szalewicgrp/connornm/opt/Gaussian/g09-M05-par/g09/l502.exe() [0x41b05a]
  /data/szalewicgrp/connornm/opt/Gaussian/g09-M05-par/g09/l502.exe() [0x40f2e4]
  /data/szalewicgrp/connornm/opt/Gaussian/g09-M05-par/g09/l502.exe() [0x403830]
  /data/szalewicgrp/connornm/opt/Gaussian/g09-M05-par/g09/l502.exe() [0x40376b]
  /usr/lib/gcc/x86_64-redhat-linux/4.8.5/../../../../lib64/libc.so.6(__libc_start_main+0xf5) [0x2af6ac21ab35]
  /data/szalewicgrp/connornm/opt/Gaussian/g09-M05-par/g09/l502.exe() [0x403669]
