slurmstepd: error: *** JOB 919765 ON chimera-node25 CANCELLED AT 2018-12-09T15:09:48 ***
Error: software termination
   rax 00002b2d7c936128, rbx 0000000000000678, rcx 00000000000000b8
   rdx 00002b2d7c94f688, rsp 00007ffeea548080, rbp 00007ffeea5481d0
   rsi 00002b2d7c9380c8, rdi 00002b2d7c9521a8, r8  00002b2d7c94f688
   r9  00000000000000b8, r10 00002b2d7c936128, r11 0000000000000008
   r12 0000000000000017, r13 000000000000734c, r14 0000000000000001
   r15 0000000000000006
Error: software termination
   rax fffffffffffffffc, rbx 00007ffd4d3d3300, rcx ffffffffffffffff
   rdx 0000000000000000, rsp 00007ffd4d3d32c8, rbp 0000000000000001
   rsi 00007ffd4d3d3300, rdi 00000000000076b5, r8  00002ade7b4bd700
   r9  0000000000000000, r10 0000000000000000, r11 0000000000000246
   r12 00007ffd4d3d3320, r13 0000000000000077, r14 0000000000000000
   r15 00007ffd4d3d9ce0
  /usr/lib/gcc/x86_64-redhat-linux/4.8.5/../../../../lib64/libpthread.so.0(+0xf370) [0x2b2d7b7e8370]
  /data/szalewicgrp/connornm/opt/Gaussian/g09-M05-par/g09/l502.exe() [0xa4d351]
  /data/szalewicgrp/connornm/opt/Gaussian/g09-M05-par/g09/l502.exe() [0xbc312c]
  /data/szalewicgrp/connornm/opt/Gaussian/g09-M05-par/g09/l502.exe() [0x87b83c]
  /data/szalewicgrp/connornm/opt/Gaussian/g09-M05-par/g09/l502.exe() [0x85db0b]
  /usr/lib/gcc/x86_64-redhat-linux/4.8.5/../../../../lib64/libpthread.so.0(+0xf370) [0x2ade7abf2370]
  /data/szalewicgrp/connornm/opt/Gaussian/g09-M05-par/g09/l502.exe() [0x6b8c4f]
  /data/szalewicgrp/connornm/opt/Gaussian/g09-M05-par/g09/l502.exe() [0x4ce77c]
  /data/szalewicgrp/connornm/opt/Gaussian/g09-M05-par/g09/l502.exe() [0x4d4929]
  /data/szalewicgrp/connornm/opt/Gaussian/g09-M05-par/g09/l502.exe() [0x4bd4d6]
  /usr/lib/gcc/x86_64-redhat-linux/4.8.5/../../../../lib64/libc.so.6(waitpid+0x1c) [0x2ade7b1bf27c]
  /data/szalewicgrp/connornm/opt/Gaussian/g09-M05-par/g09/l502.exe() [0x52788f]
  /usr/lib/gcc/x86_64-redhat-linux/4.8.5/../../../../lib64/libc.so.6(+0x41c72) [0x2ade7b142c72]
  /data/szalewicgrp/connornm/opt/Gaussian/g09-M05-par/g09/l502.exe() [0x41b05a]
  /data/szalewicgrp/connornm/opt/Gaussian/g09-M05-par/g09/g09() [0x40564a]
  /data/szalewicgrp/connornm/opt/Gaussian/g09-M05-par/g09/l502.exe() [0x40f2e4]
  /data/szalewicgrp/connornm/opt/Gaussian/g09-M05-par/g09/g09() [0x404a4a]
  /data/szalewicgrp/connornm/opt/Gaussian/g09-M05-par/g09/l502.exe() [0x403830]
  /data/szalewicgrp/connornm/opt/Gaussian/g09-M05-par/g09/g09() [0x40370b]
  /data/szalewicgrp/connornm/opt/Gaussian/g09-M05-par/g09/l502.exe() [0x40376b]
  /usr/lib/gcc/x86_64-redhat-linux/4.8.5/../../../../lib64/libc.so.6(__libc_start_main+0xf5) [0x2b2d7bd18b35]
  /usr/lib/gcc/x86_64-redhat-linux/4.8.5/../../../../lib64/libc.so.6(__libc_start_main+0xf5) [0x2ade7b122b35]
  /data/szalewicgrp/connornm/opt/Gaussian/g09-M05-par/g09/l502.exe() [0x403669]
  /data/szalewicgrp/connornm/opt/Gaussian/g09-M05-par/g09/g09() [0x403609]
