slurmstepd: error: *** JOB 913321 ON chimera-node37 CANCELLED AT 2018-12-08T15:52:02 ***
Error: software termination
Error: software termination
   rax fffffffffffffffc, rbx 00007ffc36d03200, rcx ffffffffffffffff
   rdx 0000000000000000, rsp 00007ffc36d031c8, rbp 0000000000000001
   rsi 00007ffc36d03200, rdi 00000000000061ba, r8  00002b265ab81700
   r9  0000000000000000, r10 0000000000000000, r11 0000000000000246
   r12 00007ffc36d03220, r13 0000000000000077, r14 0000000000000000
   rax 000000000000005c, rbx 000000000000000a, rcx 000000000000004c
   r15 00007ffc36d09be0
   rdx 0000000000000240, rsp 00007fff9fa42380, rbp 00007fff9fa424d0
   rsi 00002b25e59942d0, rdi 00002b25e5980230, r8  00002b25e5995d88
   r9  00002b25e597e220, r10 00002b25e59922c0, r11 00002b25e59962e0
   r12 00002b25e594fab8, r13 0000000000000000, r14 00002b25e59922c0
   r15 00002b25e597e220
  /usr/lib/gcc/x86_64-redhat-linux/4.8.5/../../../../lib64/libpthread.so.0(+0xf370) [0x2b25e4857370]
  /usr/lib/gcc/x86_64-redhat-linux/4.8.5/../../../../lib64/libpthread.so.0(+0xf370) [0x2b265a2b6370]
  /usr/lib/gcc/x86_64-redhat-linux/4.8.5/../../../../lib64/libc.so.6(waitpid+0x1c) [0x2b265a88327c]
  /usr/lib/gcc/x86_64-redhat-linux/4.8.5/../../../../lib64/libc.so.6(+0x41c72) [0x2b265a806c72]
  /data/szalewicgrp/connornm/opt/Gaussian/g09-M05-par/g09/g09() [0x40564a]
  /data/szalewicgrp/connornm/opt/Gaussian/g09-M05-par/g09/g09() [0x404a4a]
  /data/szalewicgrp/connornm/opt/Gaussian/g09-M05-par/g09/g09() [0x40370b]
  /data/szalewicgrp/connornm/opt/Gaussian/g09-M05-par/g09/l502.exe() [0xe345b2]
  /usr/lib/gcc/x86_64-redhat-linux/4.8.5/../../../../lib64/libc.so.6(__libc_start_main+0xf5) [0x2b265a7e6b35]
  /data/szalewicgrp/connornm/opt/Gaussian/g09-M05-par/g09/g09() [0x403609]
  /data/szalewicgrp/connornm/opt/Gaussian/g09-M05-par/g09/l502.exe() [0xbc3829]
  /data/szalewicgrp/connornm/opt/Gaussian/g09-M05-par/g09/l502.exe() [0x87b83c]
  /data/szalewicgrp/connornm/opt/Gaussian/g09-M05-par/g09/l502.exe() [0x85db0b]
  /data/szalewicgrp/connornm/opt/Gaussian/g09-M05-par/g09/l502.exe() [0x6b8c4f]
  /data/szalewicgrp/connornm/opt/Gaussian/g09-M05-par/g09/l502.exe() [0x4ce77c]
  /data/szalewicgrp/connornm/opt/Gaussian/g09-M05-par/g09/l502.exe() [0x4d4929]
  /data/szalewicgrp/connornm/opt/Gaussian/g09-M05-par/g09/l502.exe() [0x4bd4d6]
  /data/szalewicgrp/connornm/opt/Gaussian/g09-M05-par/g09/l502.exe() [0x52788f]
  /data/szalewicgrp/connornm/opt/Gaussian/g09-M05-par/g09/l502.exe() [0x41b05a]
  /data/szalewicgrp/connornm/opt/Gaussian/g09-M05-par/g09/l502.exe() [0x40f2e4]
  /data/szalewicgrp/connornm/opt/Gaussian/g09-M05-par/g09/l502.exe() [0x403830]
  /data/szalewicgrp/connornm/opt/Gaussian/g09-M05-par/g09/l502.exe() [0x40376b]
  /usr/lib/gcc/x86_64-redhat-linux/4.8.5/../../../../lib64/libc.so.6(__libc_start_main+0xf5) [0x2b25e4d87b35]
  /data/szalewicgrp/connornm/opt/Gaussian/g09-M05-par/g09/l502.exe() [0x403669]
