slurmstepd: error: *** JOB 903472 ON chimera-node28 CANCELLED AT 2018-12-06T13:18:52 ***
Error: software termination
Error: software termination
   rax 000000005626fde0, rbx 0000000000000140, rcx 000000005625ada0
   rdx 000000005626f560, rsp 00007ffc135035e8, rbp 00000000000003c0
   rsi 0000000000000140, rdi 000000005625d460, r8  0000000000002300
   r9  0000000000005060, r10 00002aac5b75adb0, r11 0000000000000008
   r12 0000000000000008, r13 000000000000001c, r14 00000000000028a0
   r15 00002aac5b709910
   rax fffffffffffffffc, rbx 00007fffff434e10, rcx ffffffffffffffff
   rdx 0000000000000000, rsp 00007fffff434dd8, rbp 0000000000000001
   rsi 00007fffff434e10, rdi 0000000000001ecc, r8  00002ac30c454700
   r9  0000000000000000, r10 0000000000000000, r11 0000000000000246
   r12 00007fffff434e30, r13 0000000000000076, r14 0000000000000000
   r15 00007fffff43b7f0
  /usr/lib/gcc/x86_64-redhat-linux/4.8.5/../../../../lib64/libpthread.so.0(+0xf370) [0x2aac5a819370]
  /data/szalewicgrp/connornm/opt/Gaussian/g09-M05-par/g09/l502.exe() [0x112b2ad]
  /usr/lib/gcc/x86_64-redhat-linux/4.8.5/../../../../lib64/libpthread.so.0(+0xf370) [0x2ac30bb89370]
  /usr/lib/gcc/x86_64-redhat-linux/4.8.5/../../../../lib64/libc.so.6(waitpid+0x1c) [0x2ac30c15627c]
  /usr/lib/gcc/x86_64-redhat-linux/4.8.5/../../../../lib64/libc.so.6(+0x41c72) [0x2ac30c0d9c72]
  /data/szalewicgrp/connornm/opt/Gaussian/g09-M05-par/g09/g09() [0x40564a]
  /data/szalewicgrp/connornm/opt/Gaussian/g09-M05-par/g09/g09() [0x404a4a]
  /data/szalewicgrp/connornm/opt/Gaussian/g09-M05-par/g09/g09() [0x40370b]
  /usr/lib/gcc/x86_64-redhat-linux/4.8.5/../../../../lib64/libc.so.6(__libc_start_main+0xf5) [0x2ac30c0b9b35]
  /data/szalewicgrp/connornm/opt/Gaussian/g09-M05-par/g09/g09() [0x403609]
