slurmstepd: error: *** JOB 902733 ON chimera-node45 CANCELLED AT 2018-12-05T22:31:44 ***
Error: software termination
   rax 3e0004f096a9ff48, rbx 0000000000000024, rcx fffffffffffffff5
   rdx 0000000000000002, rsp 00007ffc80f04748, rbp 00007ffc80f04c40
   rsi 00002ac260184d18, rdi 00002ac260195780, r8  00007ffc80f1d628
   r9  00002ac26015ddc8, r10 0000000000000008, r11 0000000000000058
   r12 00002ac260162320, r13 00002ac260185920, r14 00002ac260174eb8
   r15 0000000000000058
Error: software termination
   rax fffffffffffffffc, rbx 00007fff6f1ce2a0, rcx ffffffffffffffff
   rdx 0000000000000000, rsp 00007fff6f1ce268, rbp 0000000000000001
   rsi 00007fff6f1ce2a0, rdi 0000000000008bd6, r8  00002b6f8e447700
   r9  0000000000000000, r10 0000000000000000, r11 0000000000000246
   r12 00007fff6f1ce2c0, r13 0000000000000077, r14 0000000000000000
   r15 00007fff6f1d4c80
  /usr/lib/gcc/x86_64-redhat-linux/4.8.5/../../../../lib64/libpthread.so.0(+0xf370) [0x2ac25efdd370]
  /data/szalewicgrp/connornm/opt/Gaussian/g09-M05-par/g09/l502.exe() [0x144c345]
  /usr/lib/gcc/x86_64-redhat-linux/4.8.5/../../../../lib64/libpthread.so.0(+0xf370) [0x2b6f8db7c370]
  /usr/lib/gcc/x86_64-redhat-linux/4.8.5/../../../../lib64/libc.so.6(waitpid+0x1c) [0x2b6f8e14927c]
  /usr/lib/gcc/x86_64-redhat-linux/4.8.5/../../../../lib64/libc.so.6(+0x41c72) [0x2b6f8e0ccc72]
  /data/szalewicgrp/connornm/opt/Gaussian/g09-M05-par/g09/g09() [0x40564a]
  /data/szalewicgrp/connornm/opt/Gaussian/g09-M05-par/g09/g09() [0x404a4a]
  /data/szalewicgrp/connornm/opt/Gaussian/g09-M05-par/g09/g09() [0x40370b]
  /usr/lib/gcc/x86_64-redhat-linux/4.8.5/../../../../lib64/libc.so.6(__libc_start_main+0xf5) [0x2b6f8e0acb35]
  /data/szalewicgrp/connornm/opt/Gaussian/g09-M05-par/g09/g09() [0x403609]
