slurmstepd: error: *** JOB 912088 ON chimera-node31 CANCELLED AT 2018-12-08T12:09:53 ***
Error: software termination
Error: software termination
   rax 00007ffe253a0218, rbx 0000000000000004, rcx 0000000000000e40
   rdx 00007ffe253d2030, rsp 00007ffe253a0188, rbp 00007ffe253a01e0
   rsi 00000000000069c0, rdi 00002b4cd00aab10, r8  00007ffe253b8c98
   r9  00002b4cd00cd950, r10 0000000000000000, r11 00002b4cd00b8568
   r12 000000000000000d, r13 000000000000000a, r14 0000000000000001
   r15 0000000000000001
   rax fffffffffffffffc, rbx 00007ffdc13d6af0, rcx ffffffffffffffff
   rdx 0000000000000000, rsp 00007ffdc13d6ab8, rbp 0000000000000001
   rsi 00007ffdc13d6af0, rdi 0000000000000f23, r8  00002b9a6aa92700
   r9  0000000000000000, r10 0000000000000000, r11 0000000000000246
   r12 00007ffdc13d6b10, r13 0000000000000076, r14 0000000000000000
   r15 00007ffdc13dd4d0
  /usr/lib/gcc/x86_64-redhat-linux/4.8.5/../../../../lib64/libpthread.so.0(+0xf370) [0x2b4ccef7b370]
  /data/szalewicgrp/connornm/opt/Gaussian/g09-M05-par/g09/l502.exe() [0x144d4ac]
  /usr/lib/gcc/x86_64-redhat-linux/4.8.5/../../../../lib64/libpthread.so.0(+0xf370) [0x2b9a6a1c7370]
  /usr/lib/gcc/x86_64-redhat-linux/4.8.5/../../../../lib64/libc.so.6(waitpid+0x1c) [0x2b9a6a79427c]
  /usr/lib/gcc/x86_64-redhat-linux/4.8.5/../../../../lib64/libc.so.6(+0x41c72) [0x2b9a6a717c72]
  /data/szalewicgrp/connornm/opt/Gaussian/g09-M05-par/g09/g09() [0x40564a]
  /data/szalewicgrp/connornm/opt/Gaussian/g09-M05-par/g09/g09() [0x404a4a]
  /data/szalewicgrp/connornm/opt/Gaussian/g09-M05-par/g09/g09() [0x40370b]
  /usr/lib/gcc/x86_64-redhat-linux/4.8.5/../../../../lib64/libc.so.6(__libc_start_main+0xf5) [0x2b9a6a6f7b35]
  /data/szalewicgrp/connornm/opt/Gaussian/g09-M05-par/g09/g09() [0x403609]
