slurmstepd: error: *** JOB 902722 ON chimera-node59 CANCELLED AT 2018-12-05T22:31:44 ***
Error: software termination
   rax 000000000000000c, rbx 0000000000000000, rcx 0000000000000000
   rdx 00007ffd30068880, rsp 00007ffd300364d0, rbp 00007ffd300369a0
   rsi 0000000000000002, rdi 00007ffd3004fca0, r8  00007ffd300693a8
   r9  0000000000000077, r10 00007ffd3004fcc0, r11 0000000000000051
   r12 0000000000000000, r13 0000000000000002, r14 0000000000000000
   r15 0000000000000001
Error: software termination
   rax fffffffffffffffc, rbx 00007fffb6c3f6b0, rcx ffffffffffffffff
   rdx 0000000000000000, rsp 00007fffb6c3f678, rbp 0000000000000001
   rsi 00007fffb6c3f6b0, rdi 000000000000992e, r8  00002afbb0004700
   r9  0000000000000000, r10 0000000000000000, r11 0000000000000246
   r12 00007fffb6c3f6d0, r13 0000000000000077, r14 0000000000000000
   r15 00007fffb6c46090
  /usr/lib/gcc/x86_64-redhat-linux/4.8.5/../../../../lib64/libpthread.so.0(+0xf370) [0x2b22890ea370]
  /data/szalewicgrp/connornm/opt/Gaussian/g09-M05-par/g09/l502.exe() [0xb369d6]
  /data/szalewicgrp/connornm/opt/Gaussian/g09-M05-par/g09/l502.exe() [0xb1d919]
  /data/szalewicgrp/connornm/opt/Gaussian/g09-M05-par/g09/l502.exe() [0x86dc9e]
  /usr/lib/gcc/x86_64-redhat-linux/4.8.5/../../../../lib64/libpthread.so.0(+0xf370) [0x2afbaf739370]
  /data/szalewicgrp/connornm/opt/Gaussian/g09-M05-par/g09/l502.exe() [0x85e78b]
  /data/szalewicgrp/connornm/opt/Gaussian/g09-M05-par/g09/l502.exe() [0x6b8c4f]
  /data/szalewicgrp/connornm/opt/Gaussian/g09-M05-par/g09/l502.exe() [0x4ce77c]
  /data/szalewicgrp/connornm/opt/Gaussian/g09-M05-par/g09/l502.exe() [0x4d4929]
  /usr/lib/gcc/x86_64-redhat-linux/4.8.5/../../../../lib64/libc.so.6(waitpid+0x1c) [0x2afbafd0627c]
  /data/szalewicgrp/connornm/opt/Gaussian/g09-M05-par/g09/l502.exe() [0x4bd4d6]
  /usr/lib/gcc/x86_64-redhat-linux/4.8.5/../../../../lib64/libc.so.6(+0x41c72) [0x2afbafc89c72]
  /data/szalewicgrp/connornm/opt/Gaussian/g09-M05-par/g09/l502.exe() [0x52788f]
  /data/szalewicgrp/connornm/opt/Gaussian/g09-M05-par/g09/g09() [0x40564a]
  /data/szalewicgrp/connornm/opt/Gaussian/g09-M05-par/g09/l502.exe() [0x41b05a]
  /data/szalewicgrp/connornm/opt/Gaussian/g09-M05-par/g09/g09() [0x404a4a]
  /data/szalewicgrp/connornm/opt/Gaussian/g09-M05-par/g09/l502.exe() [0x40f2e4]
  /data/szalewicgrp/connornm/opt/Gaussian/g09-M05-par/g09/g09() [0x40370b]
  /data/szalewicgrp/connornm/opt/Gaussian/g09-M05-par/g09/l502.exe() [0x403830]
  /usr/lib/gcc/x86_64-redhat-linux/4.8.5/../../../../lib64/libc.so.6(__libc_start_main+0xf5) [0x2afbafc69b35]
  /data/szalewicgrp/connornm/opt/Gaussian/g09-M05-par/g09/l502.exe() [0x40376b]
  /data/szalewicgrp/connornm/opt/Gaussian/g09-M05-par/g09/g09() [0x403609]
  /usr/lib/gcc/x86_64-redhat-linux/4.8.5/../../../../lib64/libc.so.6(__libc_start_main+0xf5) [0x2b228961ab35]
  /data/szalewicgrp/connornm/opt/Gaussian/g09-M05-par/g09/l502.exe() [0x403669]
