slurmstepd: error: *** JOB 902738 ON chimera-node37 CANCELLED AT 2018-12-05T22:31:44 ***
Error: software termination
   rax 000000005576a320, rbx 0000000000000140, rcx 00000000556863a0
   rdx 000000005576a760, rsp 00007ffe91a78b58, rbp 00000000000003c0
   rsi 0000000000000140, rdi 0000000055688fa0, r8  0000000000003200
   r9  0000000000000140, r10 0000000055650a60, r11 0000000000000008
   r12 0000000000000004, r13 0000000000000028, r14 0000000000000140
   r15 000000005564e8e0
Error: software termination
   rax fffffffffffffffc, rbx 00007ffe9f6b37c0, rcx ffffffffffffffff
   rdx 0000000000000000, rsp 00007ffe9f6b3788, rbp 0000000000000001
   rsi 00007ffe9f6b37c0, rdi 000000000000519e, r8  00002b2499d60700
   r9  0000000000000000, r10 0000000000000000, r11 0000000000000246
   r12 00007ffe9f6b37e0, r13 0000000000000077, r14 0000000000000000
   r15 00007ffe9f6ba1a0
  /usr/lib/gcc/x86_64-redhat-linux/4.8.5/../../../../lib64/libpthread.so.0(+0xf370) [0x2b601505a370]
  /data/szalewicgrp/connornm/opt/Gaussian/g09-M05-par/g09/l502.exe() [0x11356f7]
  /usr/lib/gcc/x86_64-redhat-linux/4.8.5/../../../../lib64/libpthread.so.0(+0xf370) [0x2b2499495370]
  /usr/lib/gcc/x86_64-redhat-linux/4.8.5/../../../../lib64/libc.so.6(waitpid+0x1c) [0x2b2499a6227c]
  /usr/lib/gcc/x86_64-redhat-linux/4.8.5/../../../../lib64/libc.so.6(+0x41c72) [0x2b24999e5c72]
  /data/szalewicgrp/connornm/opt/Gaussian/g09-M05-par/g09/g09() [0x40564a]
  /data/szalewicgrp/connornm/opt/Gaussian/g09-M05-par/g09/g09() [0x404a4a]
  /data/szalewicgrp/connornm/opt/Gaussian/g09-M05-par/g09/g09() [0x40370b]
  /usr/lib/gcc/x86_64-redhat-linux/4.8.5/../../../../lib64/libc.so.6(__libc_start_main+0xf5) [0x2b24999c5b35]
  /data/szalewicgrp/connornm/opt/Gaussian/g09-M05-par/g09/g09() [0x403609]
