slurmstepd: error: *** JOB 903469 ON chimera-node61 CANCELLED AT 2018-12-06T13:18:52 ***
Error: software termination
   rax 0000000056dad040, rbx 0000000000000140, rcx 0000000056d35cc0
   rdx 0000000000000640, rsp 00007fff2bfc7f88, rbp 00000000000003c0
   rsi 0000000056d2b2e0, rdi 00000000000008c0, r8  0000000000000140
   r9  0000000000000028, r10 0000000056d397c0, r11 0000000000000010
   r12 0000000000000020, r13 0000000000003200, r14 0000000000000000
   r15 0000000056db1f80
Error: software termination
   rax fffffffffffffffc, rbx 00007ffe4d8583f0, rcx ffffffffffffffff
   rdx 0000000000000000, rsp 00007ffe4d8583b8, rbp 0000000000000001
   rsi 00007ffe4d8583f0, rdi 0000000000001522, r8  00002b4982fa4700
   r9  0000000000000000, r10 0000000000000000, r11 0000000000000246
   r12 00007ffe4d858410, r13 0000000000000076, r14 0000000000000000
   r15 00007ffe4d85edd0
  /usr/lib/gcc/x86_64-redhat-linux/4.8.5/../../../../lib64/libpthread.so.0(+0xf370) [0x2b21da5b0370]
  /data/szalewicgrp/connornm/opt/Gaussian/g09-M05-par/g09/l502.exe() [0x10dfeaa]
  /usr/lib/gcc/x86_64-redhat-linux/4.8.5/../../../../lib64/libpthread.so.0(+0xf370) [0x2b49826d9370]
  /usr/lib/gcc/x86_64-redhat-linux/4.8.5/../../../../lib64/libc.so.6(waitpid+0x1c) [0x2b4982ca627c]
  /usr/lib/gcc/x86_64-redhat-linux/4.8.5/../../../../lib64/libc.so.6(+0x41c72) [0x2b4982c29c72]
  /data/szalewicgrp/connornm/opt/Gaussian/g09-M05-par/g09/g09() [0x40564a]
  /data/szalewicgrp/connornm/opt/Gaussian/g09-M05-par/g09/g09() [0x404a4a]
  /data/szalewicgrp/connornm/opt/Gaussian/g09-M05-par/g09/g09() [0x40370b]
  /usr/lib/gcc/x86_64-redhat-linux/4.8.5/../../../../lib64/libc.so.6(__libc_start_main+0xf5) [0x2b4982c09b35]
  /data/szalewicgrp/connornm/opt/Gaussian/g09-M05-par/g09/g09() [0x403609]
