slurmstepd: error: *** JOB 903477 ON chimera-node41 CANCELLED AT 2018-12-06T13:18:52 ***
Error: software termination
Error: software termination
   rax fffffffffffffffc, rbx 00007ffcd00ab270, rcx ffffffffffffffff
   rdx 0000000000000000, rsp 00007ffcd00ab238, rbp 0000000000000001
   rsi 00007ffcd00ab270, rdi 0000000000004540, r8  00002b77100c1700
   r9  0000000000000000, r10 0000000000000000, r11 0000000000000246
   r12 00007ffcd00ab290, r13 0000000000000077, r14 0000000000000000
   rax 00000000563857c0, rbx 0000000000000140, rcx 000000005630f0c0
   r15 00007ffcd00b1c50
   rdx 0000000000000640, rsp 00007ffd1e957438, rbp 00000000000003c0
   rsi 00000000562c20a0, rdi 00000000000008c0, r8  0000000000000140
   r9  0000000000000028, r10 0000000056312400, r11 0000000000000008
   r12 0000000000000022, r13 0000000000003200, r14 0000000000000000
   r15 000000005638abc0
  /usr/lib/gcc/x86_64-redhat-linux/4.8.5/../../../../lib64/libpthread.so.0(+0xf370) [0x2aee39f2f370]
  /usr/lib/gcc/x86_64-redhat-linux/4.8.5/../../../../lib64/libpthread.so.0(+0xf370) [0x2b770f7f6370]
  /usr/lib/gcc/x86_64-redhat-linux/4.8.5/../../../../lib64/libc.so.6(waitpid+0x1c) [0x2b770fdc327c]
  /usr/lib/gcc/x86_64-redhat-linux/4.8.5/../../../../lib64/libc.so.6(+0x41c72) [0x2b770fd46c72]
  /data/szalewicgrp/connornm/opt/Gaussian/g09-M05-par/g09/g09() [0x40564a]
  /data/szalewicgrp/connornm/opt/Gaussian/g09-M05-par/g09/g09() [0x404a4a]
  /data/szalewicgrp/connornm/opt/Gaussian/g09-M05-par/g09/g09() [0x40370b]
  /usr/lib/gcc/x86_64-redhat-linux/4.8.5/../../../../lib64/libc.so.6(__libc_start_main+0xf5) [0x2b770fd26b35]
  /data/szalewicgrp/connornm/opt/Gaussian/g09-M05-par/g09/g09() [0x403609]
  /data/szalewicgrp/connornm/opt/Gaussian/g09-M05-par/g09/l502.exe() [0x10dffd6]
