slurmstepd: error: *** JOB 919764 ON chimera-node62 CANCELLED AT 2018-12-09T15:09:48 ***
Error: software termination
   rax 00007ffec062d7a8, rbx 00007ffec062dbf0, rcx 0000000000012da4
   rdx 00007ffec062e070, rsp 00007ffec062d6b8, rbp 00007ffec062d720
   rsi 000000000006e260, rdi 00002ad38d5cc7a0, r8  00002ad38d967960
   r9  00002ad38d967960, r10 0000000000000004, r11 0000000000000004
   r12 000000000000005b, r13 000000000000005a, r14 000000000000005b
   r15 000000000000005a
Error: software termination
   rax fffffffffffffffc, rbx 00007ffe41b05220, rcx ffffffffffffffff
   rdx 0000000000000000, rsp 00007ffe41b051e8, rbp 0000000000000001
   rsi 00007ffe41b05220, rdi 0000000000006a89, r8  00002add4f01c700
   r9  0000000000000000, r10 0000000000000000, r11 0000000000000246
   r12 00007ffe41b05240, r13 0000000000000077, r14 0000000000000000
   r15 00007ffe41b0bc00
  /usr/lib/gcc/x86_64-redhat-linux/4.8.5/../../../../lib64/libpthread.so.0(+0xf370) [0x2ad38c3b7370]
  /data/szalewicgrp/connornm/opt/Gaussian/g09-M05-par/g09/l502.exe() [0x144d51e]
  /usr/lib/gcc/x86_64-redhat-linux/4.8.5/../../../../lib64/libpthread.so.0(+0xf370) [0x2add4e751370]
  /usr/lib/gcc/x86_64-redhat-linux/4.8.5/../../../../lib64/libc.so.6(waitpid+0x1c) [0x2add4ed1e27c]
  /usr/lib/gcc/x86_64-redhat-linux/4.8.5/../../../../lib64/libc.so.6(+0x41c72) [0x2add4eca1c72]
  /data/szalewicgrp/connornm/opt/Gaussian/g09-M05-par/g09/g09() [0x40564a]
  /data/szalewicgrp/connornm/opt/Gaussian/g09-M05-par/g09/g09() [0x404a4a]
  /data/szalewicgrp/connornm/opt/Gaussian/g09-M05-par/g09/g09() [0x40370b]
  /usr/lib/gcc/x86_64-redhat-linux/4.8.5/../../../../lib64/libc.so.6(__libc_start_main+0xf5) [0x2add4ec81b35]
  /data/szalewicgrp/connornm/opt/Gaussian/g09-M05-par/g09/g09() [0x403609]
