slurmstepd: error: *** JOB 903709 ON chimera-node53 CANCELLED AT 2018-12-06T13:57:08 ***
Error: software termination
   rax 3f73c80a054944bd, rbx 0000000000000106, rcx ffffffffffffffef
   rdx 0000000000000001, rsp 00007ffee9b2e208, rbp 00007ffee9b2e700
   rsi 00002b3d6365cf80, rdi 00002b3d63647960, r8  3f768307e17d1d92
   r9  3f9544d83e1183d2, r10 fffffffffffffff8, r11 3f9345b61c2facd4
   r12 00002b3d63624578, r13 00002b3d6363fc08, r14 00002b3d63650388
   r15 0000000000000088
Error: software termination
   rax fffffffffffffffc, rbx 00007ffd36f925f0, rcx ffffffffffffffff
   rdx 0000000000000000, rsp 00007ffd36f925b8, rbp 0000000000000001
   rsi 00007ffd36f925f0, rdi 0000000000007a4e, r8  00002ba0a866d700
   r9  0000000000000000, r10 0000000000000000, r11 0000000000000246
   r12 00007ffd36f92610, r13 0000000000000077, r14 0000000000000000
   r15 00007ffd36f98fd0
  /usr/lib/gcc/x86_64-redhat-linux/4.8.5/../../../../lib64/libpthread.so.0(+0xf370) [0x2b3d624d0370]
  /data/szalewicgrp/connornm/opt/Gaussian/g09-M05-par/g09/l502.exe() [0x144c438]
  /usr/lib/gcc/x86_64-redhat-linux/4.8.5/../../../../lib64/libpthread.so.0(+0xf370) [0x2ba0a7da2370]
  /usr/lib/gcc/x86_64-redhat-linux/4.8.5/../../../../lib64/libc.so.6(waitpid+0x1c) [0x2ba0a836f27c]
  /usr/lib/gcc/x86_64-redhat-linux/4.8.5/../../../../lib64/libc.so.6(+0x41c72) [0x2ba0a82f2c72]
  /data/szalewicgrp/connornm/opt/Gaussian/g09-M05-par/g09/g09() [0x40564a]
  /data/szalewicgrp/connornm/opt/Gaussian/g09-M05-par/g09/g09() [0x404a4a]
  /data/szalewicgrp/connornm/opt/Gaussian/g09-M05-par/g09/g09() [0x40370b]
  /usr/lib/gcc/x86_64-redhat-linux/4.8.5/../../../../lib64/libc.so.6(__libc_start_main+0xf5) [0x2ba0a82d2b35]
  /data/szalewicgrp/connornm/opt/Gaussian/g09-M05-par/g09/g09() [0x403609]
