slurmstepd: error: *** JOB 902735 ON chimera-node14 CANCELLED AT 2018-12-05T22:31:44 ***
Error: software termination
   rax 0000000000000021, rbx 0000000000000002, rcx 0000000000000108
   rdx 0000000000000000, rsp 00007ffd9cc9be70, rbp 00007ffd9cc9bfa0
   rsi 00002b980c86ecd0, rdi 0000000000000048, r8  0000000000000002
   r9  0000000000000035, r10 00002b980c85e8f0, r11 0000000000000000
   r12 00002b980c8318a8, r13 0000000000000035, r14 0000000000000021
   r15 000000000000006f
Error: software termination
   rax fffffffffffffffc, rbx 00007ffca3831970, rcx ffffffffffffffff
   rdx 0000000000000000, rsp 00007ffca3831938, rbp 0000000000000001
   rsi 00007ffca3831970, rdi 0000000000001da8, r8  00002b58468cc700
   r9  0000000000000000, r10 0000000000000000, r11 0000000000000246
   r12 00007ffca3831990, r13 0000000000000076, r14 0000000000000000
   r15 00007ffca3838350
  /usr/lib/gcc/x86_64-redhat-linux/4.8.5/../../../../lib64/libpthread.so.0(+0xf370) [0x2b980b713370]
  /data/szalewicgrp/connornm/opt/Gaussian/g09-M05-par/g09/l502.exe() [0xe0d6a1]
  /data/szalewicgrp/connornm/opt/Gaussian/g09-M05-par/g09/l502.exe() [0xbc2d25]
  /data/szalewicgrp/connornm/opt/Gaussian/g09-M05-par/g09/l502.exe() [0x87b83c]
  /data/szalewicgrp/connornm/opt/Gaussian/g09-M05-par/g09/l502.exe() [0x85db0b]
  /data/szalewicgrp/connornm/opt/Gaussian/g09-M05-par/g09/l502.exe() [0x6b8c4f]
  /data/szalewicgrp/connornm/opt/Gaussian/g09-M05-par/g09/l502.exe() [0x4ce77c]
  /data/szalewicgrp/connornm/opt/Gaussian/g09-M05-par/g09/l502.exe() [0x4d4929]
  /data/szalewicgrp/connornm/opt/Gaussian/g09-M05-par/g09/l502.exe() [0x4bd4d6]
  /data/szalewicgrp/connornm/opt/Gaussian/g09-M05-par/g09/l502.exe() [0x52788f]
  /data/szalewicgrp/connornm/opt/Gaussian/g09-M05-par/g09/l502.exe() [0x41b05a]
  /data/szalewicgrp/connornm/opt/Gaussian/g09-M05-par/g09/l502.exe() [0x40f2e4]
  /data/szalewicgrp/connornm/opt/Gaussian/g09-M05-par/g09/l502.exe() [0x403830]
  /usr/lib/gcc/x86_64-redhat-linux/4.8.5/../../../../lib64/libpthread.so.0(+0xf370) [0x2b5846001370]
  /data/szalewicgrp/connornm/opt/Gaussian/g09-M05-par/g09/l502.exe() [0x40376b]
  /usr/lib/gcc/x86_64-redhat-linux/4.8.5/../../../../lib64/libc.so.6(__libc_start_main+0xf5) [0x2b980bc43b35]
  /data/szalewicgrp/connornm/opt/Gaussian/g09-M05-par/g09/l502.exe() [0x403669]
  /usr/lib/gcc/x86_64-redhat-linux/4.8.5/../../../../lib64/libc.so.6(waitpid+0x1c) [0x2b58465ce27c]
  /usr/lib/gcc/x86_64-redhat-linux/4.8.5/../../../../lib64/libc.so.6(+0x41c72) [0x2b5846551c72]
  /data/szalewicgrp/connornm/opt/Gaussian/g09-M05-par/g09/g09() [0x40564a]
  /data/szalewicgrp/connornm/opt/Gaussian/g09-M05-par/g09/g09() [0x404a4a]
  /data/szalewicgrp/connornm/opt/Gaussian/g09-M05-par/g09/g09() [0x40370b]
  /usr/lib/gcc/x86_64-redhat-linux/4.8.5/../../../../lib64/libc.so.6(__libc_start_main+0xf5) [0x2b5846531b35]
  /data/szalewicgrp/connornm/opt/Gaussian/g09-M05-par/g09/g09() [0x403609]
