slurmstepd: error: *** JOB 902732 ON chimera-node51 CANCELLED AT 2018-12-05T22:31:44 ***
Error: software termination
   rax 0000000000000000, rbx ffffffffffffffff, rcx 00000000553ac430
   rdx 0000000000000004, rsp 00007ffc290067e0, rbp 00007ffc29006800
   rsi 0000000000000000, rdi 00000000553ac430, r8  0000000000008000
   r9  ffffffffffffffff, r10 0000000000000000, r11 0000000000000246
   r12 00002af6b4425bc8, r13 00002af6b7ba0f80, r14 00002af6b4425c58
   r15 00002af6b4425c58
Error: software termination
   rax fffffffffffffffc, rbx 00007ffd55c79fc0, rcx ffffffffffffffff
   rdx 0000000000000000, rsp 00007ffd55c79f88, rbp 0000000000000001
   rsi 00007ffd55c79fc0, rdi 000000000000379f, r8  00002aaf9f4ed700
   r9  0000000000000000, r10 0000000000000000, r11 0000000000000246
   r12 00007ffd55c79fe0, r13 0000000000000077, r14 0000000000000000
   r15 00007ffd55c809a0
  /usr/lib/gcc/x86_64-redhat-linux/4.8.5/../../../../lib64/libpthread.so.0(+0xf370) [0x2af6b3546370]
  /data/szalewicgrp/connornm/opt/Gaussian/g09-M05-par/g09/l502.exe() [0x1444f02]
  /data/szalewicgrp/connornm/opt/Gaussian/g09-M05-par/g09/l502.exe() [0x1449c31]
  /data/szalewicgrp/connornm/opt/Gaussian/g09-M05-par/g09/l502.exe() [0x144397a]
  /usr/lib/gcc/x86_64-redhat-linux/4.8.5/../../../../lib64/libpthread.so.0(+0xf370) [0x2aaf9ec22370]
  /usr/lib/gcc/x86_64-redhat-linux/4.8.5/../../../../lib64/libc.so.6(waitpid+0x1c) [0x2aaf9f1ef27c]
  /usr/lib/gcc/x86_64-redhat-linux/4.8.5/../../../../lib64/libc.so.6(+0x41c72) [0x2aaf9f172c72]
  /data/szalewicgrp/connornm/opt/Gaussian/g09-M05-par/g09/g09() [0x40564a]
  /data/szalewicgrp/connornm/opt/Gaussian/g09-M05-par/g09/g09() [0x404a4a]
  /data/szalewicgrp/connornm/opt/Gaussian/g09-M05-par/g09/g09() [0x40370b]
  /usr/lib/gcc/x86_64-redhat-linux/4.8.5/../../../../lib64/libc.so.6(__libc_start_main+0xf5) [0x2aaf9f152b35]
  /data/szalewicgrp/connornm/opt/Gaussian/g09-M05-par/g09/g09() [0x403609]
