slurmstepd: error: *** JOB 903715 ON chimera-node62 CANCELLED AT 2018-12-06T13:57:08 ***
Error: software termination
   rax 00000000569e30e0, rbx 0000000000000140, rcx 000000005690e7a0
   rdx 0000000000000640, rsp 00007ffedc36f968, rbp 00000000000003c0
   rsi 00000000568a4320, rdi 00000000000008c0, r8  0000000000000140
Error: software termination
   r9  0000000000000028, r10 0000000056913720, r11 0000000000000020
   r12 0000000000000015, r13 0000000000003200, r14 0000000000000000
   r15 00000000569e6520
   rax fffffffffffffffc, rbx 00007fff479309b0, rcx ffffffffffffffff
   rdx 0000000000000000, rsp 00007fff47930978, rbp 0000000000000001
   rsi 00007fff479309b0, rdi 00000000000052a1, r8  00002b2d291d3700
   r9  0000000000000000, r10 0000000000000000, r11 0000000000000246
   r12 00007fff479309d0, r13 0000000000000077, r14 0000000000000000
   r15 00007fff47937390
  /usr/lib/gcc/x86_64-redhat-linux/4.8.5/../../../../lib64/libpthread.so.0(+0xf370) [0x2b65f7cb2370]
  /data/szalewicgrp/connornm/opt/Gaussian/g09-M05-par/g09/l502.exe() [0x1134d71]
  /usr/lib/gcc/x86_64-redhat-linux/4.8.5/../../../../lib64/libpthread.so.0(+0xf370) [0x2b2d28908370]
  /usr/lib/gcc/x86_64-redhat-linux/4.8.5/../../../../lib64/libc.so.6(waitpid+0x1c) [0x2b2d28ed527c]
  /usr/lib/gcc/x86_64-redhat-linux/4.8.5/../../../../lib64/libc.so.6(+0x41c72) [0x2b2d28e58c72]
  /data/szalewicgrp/connornm/opt/Gaussian/g09-M05-par/g09/g09() [0x40564a]
  /data/szalewicgrp/connornm/opt/Gaussian/g09-M05-par/g09/g09() [0x404a4a]
  /data/szalewicgrp/connornm/opt/Gaussian/g09-M05-par/g09/g09() [0x40370b]
  /usr/lib/gcc/x86_64-redhat-linux/4.8.5/../../../../lib64/libc.so.6(__libc_start_main+0xf5) [0x2b2d28e38b35]
  /data/szalewicgrp/connornm/opt/Gaussian/g09-M05-par/g09/g09() [0x403609]
