slurmstepd: error: *** JOB 903466 ON chimera-node59 CANCELLED AT 2018-12-06T13:18:52 ***
Error: software termination
   rax 00000000000086af, rbx 0000000000000003, rcx 0000000000000049
   rdx 00002b7a33e7c990, rsp 00007ffc21597740, rbp 00007ffc215979d0
   rsi 0000000000000001, rdi 0000000000000001, r8  0000000000000057
   r9  00000000000086af, r10 0000000000000114, r11 00000000000000bf
   r12 0000000000000000, r13 00007ffc215b0ad0, r14 0000000000000008
   r15 0000000000000009
Error: software termination
   rax fffffffffffffffc, rbx 00007ffc4b363ad0, rcx ffffffffffffffff
   rdx 0000000000000000, rsp 00007ffc4b363a98, rbp 0000000000000001
   rsi 00007ffc4b363ad0, rdi 00000000000008a4, r8  00002b306afaa700
   r9  0000000000000000, r10 0000000000000000, r11 0000000000000246
   r12 00007ffc4b363af0, r13 0000000000000076, r14 0000000000000000
   r15 00007ffc4b36a4b0
  /usr/lib/gcc/x86_64-redhat-linux/4.8.5/../../../../lib64/libpthread.so.0(+0xf370) [0x2b7a33002370]
  /data/szalewicgrp/connornm/opt/Gaussian/g09-M05-par/g09/l502.exe() [0x8c2c71]
  /data/szalewicgrp/connornm/opt/Gaussian/g09-M05-par/g09/l502.exe() [0x86de1f]
  /data/szalewicgrp/connornm/opt/Gaussian/g09-M05-par/g09/l502.exe() [0x85e78b]
  /data/szalewicgrp/connornm/opt/Gaussian/g09-M05-par/g09/l502.exe() [0x6b8c4f]
  /data/szalewicgrp/connornm/opt/Gaussian/g09-M05-par/g09/l502.exe() [0x4ce77c]
  /data/szalewicgrp/connornm/opt/Gaussian/g09-M05-par/g09/l502.exe() [0x4d4929]
  /data/szalewicgrp/connornm/opt/Gaussian/g09-M05-par/g09/l502.exe() [0x4bd4d6]
  /data/szalewicgrp/connornm/opt/Gaussian/g09-M05-par/g09/l502.exe() [0x52788f]
  /data/szalewicgrp/connornm/opt/Gaussian/g09-M05-par/g09/l502.exe() [0x41b05a]
  /data/szalewicgrp/connornm/opt/Gaussian/g09-M05-par/g09/l502.exe() [0x40f2e4]
  /data/szalewicgrp/connornm/opt/Gaussian/g09-M05-par/g09/l502.exe() [0x403830]
  /data/szalewicgrp/connornm/opt/Gaussian/g09-M05-par/g09/l502.exe() [0x40376b]
  /usr/lib/gcc/x86_64-redhat-linux/4.8.5/../../../../lib64/libc.so.6(__libc_start_main+0xf5) [0x2b7a33532b35]
  /data/szalewicgrp/connornm/opt/Gaussian/g09-M05-par/g09/l502.exe() [0x403669]
  /usr/lib/gcc/x86_64-redhat-linux/4.8.5/../../../../lib64/libpthread.so.0(+0xf370) [0x2b306a6df370]
  /usr/lib/gcc/x86_64-redhat-linux/4.8.5/../../../../lib64/libc.so.6(waitpid+0x1c) [0x2b306acac27c]
  /usr/lib/gcc/x86_64-redhat-linux/4.8.5/../../../../lib64/libc.so.6(+0x41c72) [0x2b306ac2fc72]
  /data/szalewicgrp/connornm/opt/Gaussian/g09-M05-par/g09/g09() [0x40564a]
  /data/szalewicgrp/connornm/opt/Gaussian/g09-M05-par/g09/g09() [0x404a4a]
  /data/szalewicgrp/connornm/opt/Gaussian/g09-M05-par/g09/g09() [0x40370b]
  /usr/lib/gcc/x86_64-redhat-linux/4.8.5/../../../../lib64/libc.so.6(__libc_start_main+0xf5) [0x2b306ac0fb35]
  /data/szalewicgrp/connornm/opt/Gaussian/g09-M05-par/g09/g09() [0x403609]
